Using pre-set license
Built from '2020.3/staging' branch; Version is '2020.3.20f1 (41c4e627c95f) revision 4310246'; Using compiler version '192528614'; Build Type 'Release'
OS: 'Windows 10 Home Single Language; OS build 22000.434; Version 2009; 64bit' Language: 'en' Physical Memory: 6030 MB
BatchMode: 1, IsHumanControllingUs: 0, StartBugReporterOnCrash: 0, Is64bit: 1, IsPro: 0

COMMAND LINE ARGUMENTS:
C:\Program Files\Unity\Hub\Editor\2020.3.20f1\Editor\Unity.exe
-adb2
-batchMode
-noUpm
-name
AssetImportWorker0
-projectPath
C:/Users/jtiff/OneDrive/Desktop/tecknack/New-Unity-Project
-logFile
Logs/AssetImportWorker0.log
-srvPort
62267
Successfully changed project path to: C:/Users/jtiff/OneDrive/Desktop/tecknack/New-Unity-Project
C:/Users/jtiff/OneDrive/Desktop/tecknack/New-Unity-Project
Using Asset Import Pipeline V2.
Refreshing native plugins compatible for Editor in 124.27 ms, found 3 plugins.
Preloading 0 native plugins for Editor in 0.00 ms.
Initialize engine version: 2020.3.20f1 (41c4e627c95f)
[Subsystems] Discovering subsystems at path C:/Program Files/Unity/Hub/Editor/2020.3.20f1/Editor/Data/Resources/UnitySubsystems
[Subsystems] Discovering subsystems at path C:/Users/jtiff/OneDrive/Desktop/tecknack/New-Unity-Project/Assets
GfxDevice: creating device client; threaded=0
Direct3D:
    Version:  Direct3D 11.0 [level 11.1]
    Renderer: AMD Radeon(TM) Graphics (ID=0x15d8)
    Vendor:   
    VRAM:     3015 MB
    Driver:   27.20.1021.1002
Initialize mono
Mono path[0] = 'C:/Program Files/Unity/Hub/Editor/2020.3.20f1/Editor/Data/Managed'
Mono path[1] = 'C:/Program Files/Unity/Hub/Editor/2020.3.20f1/Editor/Data/MonoBleedingEdge/lib/mono/unityjit'
Mono config path = 'C:/Program Files/Unity/Hub/Editor/2020.3.20f1/Editor/Data/MonoBleedingEdge/etc'
Using monoOptions --debugger-agent=transport=dt_socket,embedding=1,server=y,suspend=n,address=127.0.0.1:56808
Begin MonoManager ReloadAssembly
Registering precompiled unity dll's ...
Register platform support module: C:/Program Files/Unity/Hub/Editor/2020.3.20f1/Editor/Data/PlaybackEngines/WebGLSupport/UnityEditor.WebGL.Extensions.dll
Register platform support module: C:/Program Files/Unity/Hub/Editor/2020.3.20f1/Editor/Data/PlaybackEngines/WindowsStandaloneSupport/UnityEditor.WindowsStandalone.Extensions.dll
Registered in 0.009151 seconds.
Native extension for WindowsStandalone target not found
Native extension for WebGL target not found
Refreshing native plugins compatible for Editor in 123.32 ms, found 3 plugins.
Preloading 0 native plugins for Editor in 0.00 ms.
Mono: successfully reloaded assembly
- Completed reload, in  7.728 seconds
Domain Reload Profiling:
	ReloadAssembly (7729ms)
		BeginReloadAssembly (165ms)
			ExecutionOrderSort (0ms)
			DisableScriptedObjects (0ms)
			BackupInstance (0ms)
			ReleaseScriptingObjects (0ms)
			CreateAndSetChildDomain (2ms)
		EndReloadAssembly (1090ms)
			LoadAssemblies (162ms)
			RebuildTransferFunctionScriptingTraits (0ms)
			SetupTypeCache (360ms)
			ReleaseScriptCaches (0ms)
			RebuildScriptCaches (94ms)
			SetupLoadedEditorAssemblies (429ms)
				LogAssemblyErrors (0ms)
				InitializePlatformSupportModulesInManaged (15ms)
				SetLoadedEditorAssemblies (2ms)
				RefreshPlugins (124ms)
				BeforeProcessingInitializeOnLoad (25ms)
				ProcessInitializeOnLoadAttributes (195ms)
				ProcessInitializeOnLoadMethodAttributes (69ms)
				AfterProcessingInitializeOnLoad (0ms)
				EditorAssembliesLoaded (0ms)
			ExecutionOrderSort2 (0ms)
			AwakeInstancesAfterBackupRestoration (0ms)
Platform modules already initialized, skipping
Registering precompiled user dll's ...
Registered in 0.013591 seconds.
Begin MonoManager ReloadAssembly
Native extension for WindowsStandalone target not found
Native extension for WebGL target not found
Refreshing native plugins compatible for Editor in 132.28 ms, found 3 plugins.
Preloading 0 native plugins for Editor in 0.00 ms.
Mono: successfully reloaded assembly
- Completed reload, in  3.853 seconds
Domain Reload Profiling:
	ReloadAssembly (3857ms)
		BeginReloadAssembly (400ms)
			ExecutionOrderSort (0ms)
			DisableScriptedObjects (14ms)
			BackupInstance (0ms)
			ReleaseScriptingObjects (0ms)
			CreateAndSetChildDomain (60ms)
		EndReloadAssembly (3262ms)
			LoadAssemblies (372ms)
			RebuildTransferFunctionScriptingTraits (0ms)
			SetupTypeCache (1292ms)
			ReleaseScriptCaches (2ms)
			RebuildScriptCaches (168ms)
			SetupLoadedEditorAssemblies (897ms)
				LogAssemblyErrors (0ms)
				InitializePlatformSupportModulesInManaged (16ms)
				SetLoadedEditorAssemblies (1ms)
				RefreshPlugins (132ms)
				BeforeProcessingInitializeOnLoad (161ms)
				ProcessInitializeOnLoadAttributes (518ms)
				ProcessInitializeOnLoadMethodAttributes (49ms)
				AfterProcessingInitializeOnLoad (18ms)
				EditorAssembliesLoaded (1ms)
			ExecutionOrderSort2 (0ms)
			AwakeInstancesAfterBackupRestoration (39ms)
Platform modules already initialized, skipping
========================================================================
Worker process is ready to serve import requests
Launched and connected shader compiler UnityShaderCompiler.exe after 0.20 seconds
Refreshing native plugins compatible for Editor in 1.86 ms, found 3 plugins.
Preloading 0 native plugins for Editor in 0.00 ms.
Unloading 2148 Unused Serialized files (Serialized files now loaded: 0)
System memory in use before: 96.6 MB.
System memory in use after: 96.7 MB.

Unloading 25 unused Assets to reduce memory usage. Loaded Objects now: 2584.
Total: 9.299700 ms (FindLiveObjects: 0.814700 ms CreateObjectMapping: 0.192300 ms MarkObjects: 8.069100 ms  DeleteObjects: 0.218900 ms)

AssetImportParameters requested are different than current active one (requested -> active):
  custom:framework-win-MediaFoundation: 216162199b28c13a410421893ffa2e32 -> 
  custom:video-decoder-ogg-theora: a1e56fd34408186e4bbccfd4996cb3dc -> 
  custom:container-muxer-webm: aa71ff27fc2769a1b78a27578f13a17b -> 
  custom:container-demuxer-webm: 4f35f7cbe854078d1ac9338744f61a02 -> 
  custom:container-demuxer-ogg: 62fdf1f143b41e24485cea50d1cbac27 -> 
  custom:video-encoder-webm-vp8: eb34c28f22e8b96e1ab97ce403110664 -> 
  custom:video-codec-MediaFoundation-h265: 746d11721c4dcdbdad8f713fa42b33f4 -> 
  custom:video-decoder-webm-vp8: 9c59270c3fd7afecdb556c50c9e8de78 -> 
  custom:audio-decoder-ogg-vorbis: bf7c407c2cedff20999df2af8eb42d56 -> 
  custom:audio-encoder-webm-vorbis: bf7c407c2cedff20999df2af8eb42d56 -> 
========================================================================
Received Import Request.
  path: Assets/Scenes/Level1.unity
  artifactKey: Guid(0e9341c018d61b1409a2aa661b4c91ca) Importer(815301076,1909f56bfc062723c751e8b465ee728b)
Start importing Assets/Scenes/Level1.unity using Guid(0e9341c018d61b1409a2aa661b4c91ca) Importer(815301076,1909f56bfc062723c751e8b465ee728b)  -> (artifact id: '3e7e4cdc1bb454b2a821d8b800f1d4fc') in 0.043274 seconds 
  Import took 0.058141 seconds .

========================================================================
Received Import Request.
  Time since last request: 0.000703 seconds.
  path: Assets/Scenes/LevelOne.unity
  artifactKey: Guid(5c924e76213beff45aafeaf7e8eea035) Importer(815301076,1909f56bfc062723c751e8b465ee728b)
Start importing Assets/Scenes/LevelOne.unity using Guid(5c924e76213beff45aafeaf7e8eea035) Importer(815301076,1909f56bfc062723c751e8b465ee728b)  -> (artifact id: 'bce4a2c23b8ba8e24d73cbbd46b4d522') in 0.008028 seconds 
  Import took 0.019224 seconds .

========================================================================
Received Import Request.
  Time since last request: 722.119088 seconds.
  path: Assets/Sweet Land GUI/Scenes
  artifactKey: Guid(8a7c6d6661b97bb4098161eac23ca40f) Importer(815301076,1909f56bfc062723c751e8b465ee728b)
Start importing Assets/Sweet Land GUI/Scenes using Guid(8a7c6d6661b97bb4098161eac23ca40f) Importer(815301076,1909f56bfc062723c751e8b465ee728b)  -> (artifact id: '70140e1bb5c7f43a498ffc9f481cd7a5') in 0.008958 seconds 
  Import took 0.028921 seconds .

========================================================================
Received Import Request.
  Time since last request: 4.049858 seconds.
  path: Assets/Sweet Land GUI/Prefabs/Add_Video_Button.prefab
  artifactKey: Guid(a2a5e04f4b767304ab223ea716cb9631) Importer(815301076,1909f56bfc062723c751e8b465ee728b)
Start importing Assets/Sweet Land GUI/Prefabs/Add_Video_Button.prefab using Guid(a2a5e04f4b767304ab223ea716cb9631) Importer(815301076,1909f56bfc062723c751e8b465ee728b)  -> (artifact id: 'a742505b647abef613da2b9327192603') in 0.318644 seconds 
  Import took 0.327656 seconds .

========================================================================
Received Import Request.
  Time since last request: 0.001141 seconds.
  path: Assets/Sweet Land GUI/Prefabs/Button_Music_On Variant.prefab
  artifactKey: Guid(998363392bda22042b2230444d6c3352) Importer(815301076,1909f56bfc062723c751e8b465ee728b)
Start importing Assets/Sweet Land GUI/Prefabs/Button_Music_On Variant.prefab using Guid(998363392bda22042b2230444d6c3352) Importer(815301076,1909f56bfc062723c751e8b465ee728b)  -> (artifact id: 'bceb66d5d84155659a56bd02cd15b20b') in 0.078076 seconds 
  Import took 0.091605 seconds .

========================================================================
Received Import Request.
  Time since last request: 0.000501 seconds.
  path: Assets/Sweet Land GUI/Prefabs/Toggle.prefab
  artifactKey: Guid(f30a76e5bb728d749917c7fdc9696885) Importer(815301076,1909f56bfc062723c751e8b465ee728b)
Start importing Assets/Sweet Land GUI/Prefabs/Toggle.prefab using Guid(f30a76e5bb728d749917c7fdc9696885) Importer(815301076,1909f56bfc062723c751e8b465ee728b)  -> (artifact id: '539d02b276ccceed10bd3a1918407365') in 0.049352 seconds 
  Import took 0.065120 seconds .

========================================================================
Received Import Request.
  Time since last request: 0.001006 seconds.
  path: Assets/Sweet Land GUI/Prefabs/Button_Music_On.prefab
  artifactKey: Guid(6224e969c01b3524386fe2011ba9ecd9) Importer(815301076,1909f56bfc062723c751e8b465ee728b)
Start importing Assets/Sweet Land GUI/Prefabs/Button_Music_On.prefab using Guid(6224e969c01b3524386fe2011ba9ecd9) Importer(815301076,1909f56bfc062723c751e8b465ee728b)  -> (artifact id: 'fd375e666d5f2174b8b7afa1048a7daf') in 0.023562 seconds 
  Import took 0.044622 seconds .

========================================================================
Received Import Request.
  Time since last request: 0.000714 seconds.
  path: Assets/Sweet Land GUI/Prefabs/Joystick_Walk_Jelly.prefab
  artifactKey: Guid(ce2891fe58e6b9c4ea83f486c3e302d5) Importer(815301076,1909f56bfc062723c751e8b465ee728b)
Start importing Assets/Sweet Land GUI/Prefabs/Joystick_Walk_Jelly.prefab using Guid(ce2891fe58e6b9c4ea83f486c3e302d5) Importer(815301076,1909f56bfc062723c751e8b465ee728b)  -> (artifact id: 'e666c14bbea7a236d21c1629b7e309a1') in 0.077706 seconds 
  Import took 0.099318 seconds .

========================================================================
Received Import Request.
  Time since last request: 0.001018 seconds.
  path: Assets/Sweet Land GUI/Prefabs/Joystick_Walk_Cookie.prefab
  artifactKey: Guid(08aa126ae8b901a47895a135ae4f10a5) Importer(815301076,1909f56bfc062723c751e8b465ee728b)
Start importing Assets/Sweet Land GUI/Prefabs/Joystick_Walk_Cookie.prefab using Guid(08aa126ae8b901a47895a135ae4f10a5) Importer(815301076,1909f56bfc062723c751e8b465ee728b)  -> (artifact id: 'e7b318b4463e56ba31b80d38cfb9aff6') in 0.043742 seconds 
  Import took 0.069058 seconds .

========================================================================
Received Import Request.
  Time since last request: 0.000991 seconds.
  path: Assets/Sweet Land GUI/Prefabs/Prize_Window.prefab
  artifactKey: Guid(2de6adfc5be43444bb76afa224daee78) Importer(815301076,1909f56bfc062723c751e8b465ee728b)
Start importing Assets/Sweet Land GUI/Prefabs/Prize_Window.prefab using Guid(2de6adfc5be43444bb76afa224daee78) Importer(815301076,1909f56bfc062723c751e8b465ee728b)  -> (artifact id: 'ffaa34e1b729543eb3c117fc67615e33') in 0.104197 seconds 
  Import took 0.119459 seconds .

========================================================================
Received Import Request.
  Time since last request: 0.000582 seconds.
  path: Assets/Sweet Land GUI/Prefabs/Button_Shop Variant.prefab
  artifactKey: Guid(d6be6e19f7ed0d44184b2f108d183ef4) Importer(815301076,1909f56bfc062723c751e8b465ee728b)
Start importing Assets/Sweet Land GUI/Prefabs/Button_Shop Variant.prefab using Guid(d6be6e19f7ed0d44184b2f108d183ef4) Importer(815301076,1909f56bfc062723c751e8b465ee728b)  -> (artifact id: 'dd7b1090dd104f8491007bb83eb11af7') in 0.039178 seconds 
  Import took 0.054722 seconds .

========================================================================
Received Import Request.
  Time since last request: 0.000585 seconds.
  path: Assets/Sweet Land GUI/Prefabs/Button_Pause.prefab
  artifactKey: Guid(1dbd35d4719e0b24aadd3d891ff35bfc) Importer(815301076,1909f56bfc062723c751e8b465ee728b)
Start importing Assets/Sweet Land GUI/Prefabs/Button_Pause.prefab using Guid(1dbd35d4719e0b24aadd3d891ff35bfc) Importer(815301076,1909f56bfc062723c751e8b465ee728b)  -> (artifact id: 'bdedf9bb99cb7349033f9f2663f6a9b8') in 0.055850 seconds 
  Import took 0.068628 seconds .

========================================================================
Received Import Request.
  Time since last request: 0.000646 seconds.
  path: Assets/Sweet Land GUI/Prefabs/Button_Exit Variant.prefab
  artifactKey: Guid(74ba689a879ace048a2e4a9279e977cd) Importer(815301076,1909f56bfc062723c751e8b465ee728b)
Start importing Assets/Sweet Land GUI/Prefabs/Button_Exit Variant.prefab using Guid(74ba689a879ace048a2e4a9279e977cd) Importer(815301076,1909f56bfc062723c751e8b465ee728b)  -> (artifact id: 'fa5ef454b181a8834bd29f854e03777b') in 0.069522 seconds 
  Import took 0.081994 seconds .

========================================================================
Received Import Request.
  Time since last request: 0.001235 seconds.
  path: Assets/Sweet Land GUI/Prefabs/Button_Restart.prefab
  artifactKey: Guid(59f1ce32ecdd8c649bf59285efe7e527) Importer(815301076,1909f56bfc062723c751e8b465ee728b)
Start importing Assets/Sweet Land GUI/Prefabs/Button_Restart.prefab using Guid(59f1ce32ecdd8c649bf59285efe7e527) Importer(815301076,1909f56bfc062723c751e8b465ee728b)  -> (artifact id: '05502803707eebb8ad34de24afd34147') in 0.036904 seconds 
  Import took 0.054494 seconds .

========================================================================
Received Import Request.
  Time since last request: 0.000824 seconds.
  path: Assets/Sweet Land GUI/Prefabs/Loading_Ad_Fail.prefab
  artifactKey: Guid(51a80e8cf7a986448911cf42d67ff07f) Importer(815301076,1909f56bfc062723c751e8b465ee728b)
Start importing Assets/Sweet Land GUI/Prefabs/Loading_Ad_Fail.prefab using Guid(51a80e8cf7a986448911cf42d67ff07f) Importer(815301076,1909f56bfc062723c751e8b465ee728b)  -> (artifact id: '242630177de03487feb65ebea96e9e02') in 0.059811 seconds 
  Import took 0.075756 seconds .

========================================================================
Received Import Request.
  Time since last request: 0.000786 seconds.
  path: Assets/Sweet Land GUI/Prefabs/Button_Music_Off.prefab
  artifactKey: Guid(a524d15ed3051e74885f282a1b10845c) Importer(815301076,1909f56bfc062723c751e8b465ee728b)
Start importing Assets/Sweet Land GUI/Prefabs/Button_Music_Off.prefab using Guid(a524d15ed3051e74885f282a1b10845c) Importer(815301076,1909f56bfc062723c751e8b465ee728b)  -> (artifact id: '57fb48349ca0e5903f181f37d88aea61') in 0.047881 seconds 
  Import took 0.064295 seconds .

========================================================================
Received Import Request.
  Time since last request: 0.000659 seconds.
  path: Assets/Sweet Land GUI/Prefabs/Button_Restart Variant.prefab
  artifactKey: Guid(3961448ce6b4e43479aa4862922180cd) Importer(815301076,1909f56bfc062723c751e8b465ee728b)
Start importing Assets/Sweet Land GUI/Prefabs/Button_Restart Variant.prefab using Guid(3961448ce6b4e43479aa4862922180cd) Importer(815301076,1909f56bfc062723c751e8b465ee728b)  -> (artifact id: 'c546edfa3a5f10b2403694fdb22a8967') in 0.032787 seconds 
  Import took 0.044599 seconds .

========================================================================
Received Import Request.
  Time since last request: 0.001740 seconds.
  path: Assets/Sweet Land GUI/Prefabs/Joystick_Fire_Cookie.prefab
  artifactKey: Guid(308fa906fade03142a5036595b6993b9) Importer(815301076,1909f56bfc062723c751e8b465ee728b)
Start importing Assets/Sweet Land GUI/Prefabs/Joystick_Fire_Cookie.prefab using Guid(308fa906fade03142a5036595b6993b9) Importer(815301076,1909f56bfc062723c751e8b465ee728b)  -> (artifact id: '16edaaa90547346abbb818e7933373e5') in 0.050002 seconds 
  Import took 0.074532 seconds .

========================================================================
Received Import Request.
  Time since last request: 0.000768 seconds.
  path: Assets/Sweet Land GUI/Prefabs/Button_Shop.prefab
  artifactKey: Guid(254352ac83cce7844912efbd61e47ccc) Importer(815301076,1909f56bfc062723c751e8b465ee728b)
Start importing Assets/Sweet Land GUI/Prefabs/Button_Shop.prefab using Guid(254352ac83cce7844912efbd61e47ccc) Importer(815301076,1909f56bfc062723c751e8b465ee728b)  -> (artifact id: '14cf5865a29eb9170de3a8dc39417e64') in 0.028247 seconds 
  Import took 0.043958 seconds .

========================================================================
Received Import Request.
  Time since last request: 0.001834 seconds.
  path: Assets/Sweet Land GUI/Prefabs/Joystick_Fire_Jelly.prefab
  artifactKey: Guid(92fadbd01739ba34585da676e798fa74) Importer(815301076,1909f56bfc062723c751e8b465ee728b)
Start importing Assets/Sweet Land GUI/Prefabs/Joystick_Fire_Jelly.prefab using Guid(92fadbd01739ba34585da676e798fa74) Importer(815301076,1909f56bfc062723c751e8b465ee728b)  -> (artifact id: '76e751e355005f76ff4b9fc71ed23f4c') in 0.054486 seconds 
  Import took 0.085117 seconds .

========================================================================
Received Import Request.
  Time since last request: 0.002483 seconds.
  path: Assets/Sweet Land GUI/Prefabs/Button_Exit.prefab
  artifactKey: Guid(e00dd58c7555779478d619f5ee7fbc42) Importer(815301076,1909f56bfc062723c751e8b465ee728b)
Start importing Assets/Sweet Land GUI/Prefabs/Button_Exit.prefab using Guid(e00dd58c7555779478d619f5ee7fbc42) Importer(815301076,1909f56bfc062723c751e8b465ee728b)  -> (artifact id: '9601b099f166ee98fc9acc3af3a72c40') in 0.022418 seconds 
  Import took 0.041596 seconds .

========================================================================
Received Import Request.
  Time since last request: 0.000831 seconds.
  path: Assets/Sweet Land GUI/Prefabs/Power_Button_Jelly.prefab
  artifactKey: Guid(677dd0719574c1842a15b9e3c6fabdb4) Importer(815301076,1909f56bfc062723c751e8b465ee728b)
Start importing Assets/Sweet Land GUI/Prefabs/Power_Button_Jelly.prefab using Guid(677dd0719574c1842a15b9e3c6fabdb4) Importer(815301076,1909f56bfc062723c751e8b465ee728b)  -> (artifact id: '8eec67918e5de23facbe756d92455f7d') in 0.055904 seconds 
  Import took 0.072125 seconds .

========================================================================
Received Import Request.
  Time since last request: 0.000888 seconds.
  path: Assets/Sweet Land GUI/Prefabs/Loading_Ad.prefab
  artifactKey: Guid(a322db60be7bccd46bb618ba881bfa6b) Importer(815301076,1909f56bfc062723c751e8b465ee728b)
Start importing Assets/Sweet Land GUI/Prefabs/Loading_Ad.prefab using Guid(a322db60be7bccd46bb618ba881bfa6b) Importer(815301076,1909f56bfc062723c751e8b465ee728b)  -> (artifact id: 'c17ca2d210ea956ee7344071611a23a0') in 0.074852 seconds 
  Import took 0.095421 seconds .

========================================================================
Received Import Request.
  Time since last request: 0.001104 seconds.
  path: Assets/Sweet Land GUI/Prefabs/Power_Button_Cookie.prefab
  artifactKey: Guid(dceee1964c43f2847b38a8b91650dc76) Importer(815301076,1909f56bfc062723c751e8b465ee728b)
Start importing Assets/Sweet Land GUI/Prefabs/Power_Button_Cookie.prefab using Guid(dceee1964c43f2847b38a8b91650dc76) Importer(815301076,1909f56bfc062723c751e8b465ee728b)  -> (artifact id: 'fd4d0a381b22b8979b8d5d2dc0c64bcb') in 0.044495 seconds 
  Import took 0.060210 seconds .

========================================================================
Received Import Request.
  Time since last request: 0.000769 seconds.
  path: Assets/Sweet Land GUI/Prefabs/Button_Play.prefab
  artifactKey: Guid(dfc791cae673ad54f95dfb5d7dac7c30) Importer(815301076,1909f56bfc062723c751e8b465ee728b)
Start importing Assets/Sweet Land GUI/Prefabs/Button_Play.prefab using Guid(dfc791cae673ad54f95dfb5d7dac7c30) Importer(815301076,1909f56bfc062723c751e8b465ee728b)  -> (artifact id: '964af3ca845c881f8bab7db231d6b35b') in 0.049294 seconds 
  Import took 0.065384 seconds .

========================================================================
Received Import Request.
  Time since last request: 0.000826 seconds.
  path: Assets/Sweet Land GUI/Prefabs/Button_Settings.prefab
  artifactKey: Guid(5754ef6133508f94eb5f9008157be8e3) Importer(815301076,1909f56bfc062723c751e8b465ee728b)
Start importing Assets/Sweet Land GUI/Prefabs/Button_Settings.prefab using Guid(5754ef6133508f94eb5f9008157be8e3) Importer(815301076,1909f56bfc062723c751e8b465ee728b)  -> (artifact id: '1362362ce8f6e392651e7547ddc07afa') in 0.058198 seconds 
  Import took 0.072797 seconds .

========================================================================
Received Import Request.
  Time since last request: 0.000555 seconds.
  path: Assets/Sweet Land GUI/Prefabs/Button_Close.prefab
  artifactKey: Guid(6d6e6e690a5820a4a97763552486b8e5) Importer(815301076,1909f56bfc062723c751e8b465ee728b)
Start importing Assets/Sweet Land GUI/Prefabs/Button_Close.prefab using Guid(6d6e6e690a5820a4a97763552486b8e5) Importer(815301076,1909f56bfc062723c751e8b465ee728b)  -> (artifact id: '5c27b36d00fd47221c800c3b2736b579') in 0.019404 seconds 
  Import took 0.033128 seconds .

========================================================================
Received Import Request.
  Time since last request: 29.356608 seconds.
  path: Assets/Sweet Land GUI/Prefabs
  artifactKey: Guid(963a1e8f09477bb44a14bdb409a6f078) Importer(815301076,1909f56bfc062723c751e8b465ee728b)
Start importing Assets/Sweet Land GUI/Prefabs using Guid(963a1e8f09477bb44a14bdb409a6f078) Importer(815301076,1909f56bfc062723c751e8b465ee728b)  -> (artifact id: 'a0ced05192ce52fe3e448dc7e548e493') in 0.017459 seconds 
  Import took 0.034839 seconds .

========================================================================
Received Import Request.
  Time since last request: 11.828117 seconds.
  path: Assets/Sweet Land GUI/Sprites/BG_Shining.png
  artifactKey: Guid(645e774c22c0fb647a406b8c87c7218f) Importer(815301076,1909f56bfc062723c751e8b465ee728b)
Start importing Assets/Sweet Land GUI/Sprites/BG_Shining.png using Guid(645e774c22c0fb647a406b8c87c7218f) Importer(815301076,1909f56bfc062723c751e8b465ee728b)  -> (artifact id: 'f4005a35a082f3e78d4cda98912bb4d3') in 0.287878 seconds 
  Import took 0.297939 seconds .

========================================================================
Received Import Request.
  Time since last request: 1.734628 seconds.
  path: Assets/Sweet Land GUI/Sprites/Icons/Add_Video.png
  artifactKey: Guid(4f0ff3f74d230e0448e9566bb08f20ca) Importer(815301076,1909f56bfc062723c751e8b465ee728b)
Start importing Assets/Sweet Land GUI/Sprites/Icons/Add_Video.png using Guid(4f0ff3f74d230e0448e9566bb08f20ca) Importer(815301076,1909f56bfc062723c751e8b465ee728b)  -> (artifact id: '38bae655a5f66c5732f982a15039c535') in 0.049058 seconds 
  Import took 0.068081 seconds .

========================================================================
Received Import Request.
  Time since last request: 0.000872 seconds.
  path: Assets/Sweet Land GUI/Sprites/Icons/Icon_Restart.png
  artifactKey: Guid(a13d484535fd36046b5f8420a5df4dc1) Importer(815301076,1909f56bfc062723c751e8b465ee728b)
Start importing Assets/Sweet Land GUI/Sprites/Icons/Icon_Restart.png using Guid(a13d484535fd36046b5f8420a5df4dc1) Importer(815301076,1909f56bfc062723c751e8b465ee728b)  -> (artifact id: 'e048eed428bd3007fc54cee4f9ccc8c0') in 0.045449 seconds 
  Import took 0.056219 seconds .

========================================================================
Received Import Request.
  Time since last request: 0.001000 seconds.
  path: Assets/Sweet Land GUI/Sprites/Icons/Shop_Icon_Fire_Speed.png
  artifactKey: Guid(30eed13f7c448824081c000760f61cef) Importer(815301076,1909f56bfc062723c751e8b465ee728b)
Start importing Assets/Sweet Land GUI/Sprites/Icons/Shop_Icon_Fire_Speed.png using Guid(30eed13f7c448824081c000760f61cef) Importer(815301076,1909f56bfc062723c751e8b465ee728b)  -> (artifact id: '8e1afd46af8a910cee8d74ffe871b947') in 0.072914 seconds 
  Import took 0.089398 seconds .

========================================================================
Received Import Request.
  Time since last request: 0.000914 seconds.
  path: Assets/Sweet Land GUI/Sprites/Icons/Icon_Play.png
  artifactKey: Guid(85b6a6103f7a3e8499b4c0e7891dcb87) Importer(815301076,1909f56bfc062723c751e8b465ee728b)
Start importing Assets/Sweet Land GUI/Sprites/Icons/Icon_Play.png using Guid(85b6a6103f7a3e8499b4c0e7891dcb87) Importer(815301076,1909f56bfc062723c751e8b465ee728b)  -> (artifact id: '271a926f7562bc2a36b498eaafd5d9c2') in 0.057395 seconds 
  Import took 0.077712 seconds .

========================================================================
Received Import Request.
  Time since last request: 0.000661 seconds.
  path: Assets/Sweet Land GUI/Sprites/Icons/Icon_Pause.png
  artifactKey: Guid(f7531c55aa5e400418161d9ec43b80fc) Importer(815301076,1909f56bfc062723c751e8b465ee728b)
Start importing Assets/Sweet Land GUI/Sprites/Icons/Icon_Pause.png using Guid(f7531c55aa5e400418161d9ec43b80fc) Importer(815301076,1909f56bfc062723c751e8b465ee728b)  -> (artifact id: '8fe804176b1b2e53e71b3dc47b82deea') in 0.051273 seconds 
  Import took 0.069561 seconds .

========================================================================
Received Import Request.
  Time since last request: 0.000965 seconds.
  path: Assets/Sweet Land GUI/Sprites/Icons/Icon_Music_On.png
  artifactKey: Guid(cd72311f1180af14db04c6aba447b34c) Importer(815301076,1909f56bfc062723c751e8b465ee728b)
Start importing Assets/Sweet Land GUI/Sprites/Icons/Icon_Music_On.png using Guid(cd72311f1180af14db04c6aba447b34c) Importer(815301076,1909f56bfc062723c751e8b465ee728b)  -> (artifact id: 'd8d5e3c7582d809354832e5be6572ac5') in 0.070460 seconds 
  Import took 0.084376 seconds .

========================================================================
Received Import Request.
  Time since last request: 0.000620 seconds.
  path: Assets/Sweet Land GUI/Sprites/Icons/Icon_Settings.png
  artifactKey: Guid(00280b2b82f0cdd488aed522cbff996c) Importer(815301076,1909f56bfc062723c751e8b465ee728b)
Start importing Assets/Sweet Land GUI/Sprites/Icons/Icon_Settings.png using Guid(00280b2b82f0cdd488aed522cbff996c) Importer(815301076,1909f56bfc062723c751e8b465ee728b)  -> (artifact id: '653ac535b679479e707e4bb6c2b8ae91') in 0.057446 seconds 
  Import took 0.071985 seconds .

========================================================================
Received Import Request.
  Time since last request: 0.001559 seconds.
  path: Assets/Sweet Land GUI/Sprites/Icons/Shop_Icon_Extra_Hearts.png
  artifactKey: Guid(d75f8b1d41b93e048b7ee957a4099e9b) Importer(815301076,1909f56bfc062723c751e8b465ee728b)
Start importing Assets/Sweet Land GUI/Sprites/Icons/Shop_Icon_Extra_Hearts.png using Guid(d75f8b1d41b93e048b7ee957a4099e9b) Importer(815301076,1909f56bfc062723c751e8b465ee728b)  -> (artifact id: '21d81d9bbf256662e4a57e55bd6e26df') in 0.062540 seconds 
  Import took 0.076966 seconds .

========================================================================
Received Import Request.
  Time since last request: 0.000963 seconds.
  path: Assets/Sweet Land GUI/Sprites/Icons/Shop_Icon_Run_Speed.png
  artifactKey: Guid(7188dd1aa5e8d6146bd03734a6c6566c) Importer(815301076,1909f56bfc062723c751e8b465ee728b)
Start importing Assets/Sweet Land GUI/Sprites/Icons/Shop_Icon_Run_Speed.png using Guid(7188dd1aa5e8d6146bd03734a6c6566c) Importer(815301076,1909f56bfc062723c751e8b465ee728b)  -> (artifact id: '3c379b5a8f6c9075470ef5764088ab9c') in 0.058991 seconds 
  Import took 0.074940 seconds .

========================================================================
Received Import Request.
  Time since last request: 0.000538 seconds.
  path: Assets/Sweet Land GUI/Sprites/Icons/Coin_2.png
  artifactKey: Guid(fc4dec7779e09234bb28a46f901a8dd7) Importer(815301076,1909f56bfc062723c751e8b465ee728b)
Start importing Assets/Sweet Land GUI/Sprites/Icons/Coin_2.png using Guid(fc4dec7779e09234bb28a46f901a8dd7) Importer(815301076,1909f56bfc062723c751e8b465ee728b)  -> (artifact id: '47cdf80e4fddf366e36c0376c14e00b6') in 0.065603 seconds 
  Import took 0.075795 seconds .

========================================================================
Received Import Request.
  Time since last request: 0.000749 seconds.
  path: Assets/Sweet Land GUI/Sprites/Icons/Add_Video_Plate.png
  artifactKey: Guid(fee5099eda8d20a49a06af50b6940979) Importer(815301076,1909f56bfc062723c751e8b465ee728b)
Start importing Assets/Sweet Land GUI/Sprites/Icons/Add_Video_Plate.png using Guid(fee5099eda8d20a49a06af50b6940979) Importer(815301076,1909f56bfc062723c751e8b465ee728b)  -> (artifact id: '569935d80efcd762db1bb921a713922f') in 0.048820 seconds 
  Import took 0.063457 seconds .

========================================================================
Received Import Request.
  Time since last request: 0.000827 seconds.
  path: Assets/Sweet Land GUI/Sprites/Icons
  artifactKey: Guid(8b8a6fee6499c144b8f61f8b6694dee0) Importer(815301076,1909f56bfc062723c751e8b465ee728b)
Start importing Assets/Sweet Land GUI/Sprites/Icons using Guid(8b8a6fee6499c144b8f61f8b6694dee0) Importer(815301076,1909f56bfc062723c751e8b465ee728b)  -> (artifact id: '3eedcaa15e7f4fc42f9feee71a8c6a8a') in 0.007100 seconds 
  Import took 0.017346 seconds .

========================================================================
Received Import Request.
  Time since last request: 0.000730 seconds.
  path: Assets/Sweet Land GUI/Sprites/Icons/Add_Video_Shining.png
  artifactKey: Guid(2c4824dfc6dc25140a9509e2867f5365) Importer(815301076,1909f56bfc062723c751e8b465ee728b)
Start importing Assets/Sweet Land GUI/Sprites/Icons/Add_Video_Shining.png using Guid(2c4824dfc6dc25140a9509e2867f5365) Importer(815301076,1909f56bfc062723c751e8b465ee728b)  -> (artifact id: 'a9f931d1328cf0eea9b9af1bca44a31c') in 0.056091 seconds 
  Import took 0.070479 seconds .

========================================================================
Received Import Request.
  Time since last request: 0.001414 seconds.
  path: Assets/Sweet Land GUI/Sprites/Icons/Star.png
  artifactKey: Guid(8cb4df65c6f4a2e499814646147fbc0a) Importer(815301076,1909f56bfc062723c751e8b465ee728b)
Start importing Assets/Sweet Land GUI/Sprites/Icons/Star.png using Guid(8cb4df65c6f4a2e499814646147fbc0a) Importer(815301076,1909f56bfc062723c751e8b465ee728b)  -> (artifact id: '57f480f9c623b69cdfc4607af7c5d2c8') in 0.051813 seconds 
  Import took 0.097789 seconds .

========================================================================
Received Import Request.
  Time since last request: 0.000618 seconds.
  path: Assets/Sweet Land GUI/Sprites/Icons/Icon_Music_Off.png
  artifactKey: Guid(07b32c538f796844bbcd68c43da30dcf) Importer(815301076,1909f56bfc062723c751e8b465ee728b)
Start importing Assets/Sweet Land GUI/Sprites/Icons/Icon_Music_Off.png using Guid(07b32c538f796844bbcd68c43da30dcf) Importer(815301076,1909f56bfc062723c751e8b465ee728b)  -> (artifact id: 'd2fabbc6b17c082a3f924ba812b1cfe6') in 0.046019 seconds 
  Import took 0.062545 seconds .

========================================================================
Received Import Request.
  Time since last request: 0.000812 seconds.
  path: Assets/Sweet Land GUI/Sprites/Icons/Medal.png
  artifactKey: Guid(4b28843938d1c3345b4c09b3f6f41e5a) Importer(815301076,1909f56bfc062723c751e8b465ee728b)
Start importing Assets/Sweet Land GUI/Sprites/Icons/Medal.png using Guid(4b28843938d1c3345b4c09b3f6f41e5a) Importer(815301076,1909f56bfc062723c751e8b465ee728b)  -> (artifact id: 'a1e3987669130e55a7528111aa2a97c7') in 0.108363 seconds 
  Import took 0.120088 seconds .

========================================================================
Received Import Request.
  Time since last request: 0.001059 seconds.
  path: Assets/Sweet Land GUI/Sprites/Icons/Icon_Close.png
  artifactKey: Guid(0630b8d5ad77fa94bb32ca4792fc9c8a) Importer(815301076,1909f56bfc062723c751e8b465ee728b)
Start importing Assets/Sweet Land GUI/Sprites/Icons/Icon_Close.png using Guid(0630b8d5ad77fa94bb32ca4792fc9c8a) Importer(815301076,1909f56bfc062723c751e8b465ee728b)  -> (artifact id: '2c801cc09d7b996fd5985adca34da5bf') in 0.052295 seconds 
  Import took 0.066824 seconds .

========================================================================
Received Import Request.
  Time since last request: 0.001047 seconds.
  path: Assets/Sweet Land GUI/Sprites/Icons/Icon_Exit.png
  artifactKey: Guid(28f55185a3006934aa19ce36dc350b4b) Importer(815301076,1909f56bfc062723c751e8b465ee728b)
Start importing Assets/Sweet Land GUI/Sprites/Icons/Icon_Exit.png using Guid(28f55185a3006934aa19ce36dc350b4b) Importer(815301076,1909f56bfc062723c751e8b465ee728b)  -> (artifact id: 'f4e2f887f202c80082c1525ba791c105') in 0.061297 seconds 
  Import took 0.086158 seconds .

========================================================================
Received Import Request.
  Time since last request: 0.000875 seconds.
  path: Assets/Sweet Land GUI/Sprites/Icons/Icon_Shop.png
  artifactKey: Guid(887b36e55fd0175458a0cecef0ec8767) Importer(815301076,1909f56bfc062723c751e8b465ee728b)
Start importing Assets/Sweet Land GUI/Sprites/Icons/Icon_Shop.png using Guid(887b36e55fd0175458a0cecef0ec8767) Importer(815301076,1909f56bfc062723c751e8b465ee728b)  -> (artifact id: '2c5eab3ed0eb4317b6b593142e551688') in 0.051626 seconds 
  Import took 0.067024 seconds .

========================================================================
Received Import Request.
  Time since last request: 0.000817 seconds.
  path: Assets/Sweet Land GUI/Sprites/Icons/Coin.png
  artifactKey: Guid(c21dec3f1118e7c4e92c9fa1735ccf57) Importer(815301076,1909f56bfc062723c751e8b465ee728b)
Start importing Assets/Sweet Land GUI/Sprites/Icons/Coin.png using Guid(c21dec3f1118e7c4e92c9fa1735ccf57) Importer(815301076,1909f56bfc062723c751e8b465ee728b)  -> (artifact id: 'c6aba8a13cefac7363170fee30fe4389') in 0.064746 seconds 
  Import took 0.079359 seconds .

========================================================================
Received Import Request.
  Time since last request: 0.000750 seconds.
  path: Assets/Sweet Land GUI/Sprites/Icons/Heart.png
  artifactKey: Guid(69138f6b03c8c9c44bda0ff26e983dda) Importer(815301076,1909f56bfc062723c751e8b465ee728b)
Start importing Assets/Sweet Land GUI/Sprites/Icons/Heart.png using Guid(69138f6b03c8c9c44bda0ff26e983dda) Importer(815301076,1909f56bfc062723c751e8b465ee728b)  -> (artifact id: 'de309c63009f62333ed4d2775d9223ae') in 0.083888 seconds 
  Import took 0.098527 seconds .

========================================================================
Received Prepare
Registering precompiled user dll's ...
Registered in 0.022297 seconds.
Begin MonoManager ReloadAssembly
Native extension for WindowsStandalone target not found
Native extension for WebGL target not found
Refreshing native plugins compatible for Editor in 1.51 ms, found 3 plugins.
Preloading 0 native plugins for Editor in 0.00 ms.
Mono: successfully reloaded assembly
- Completed reload, in  2.476 seconds
Domain Reload Profiling:
	ReloadAssembly (2478ms)
		BeginReloadAssembly (210ms)
			ExecutionOrderSort (0ms)
			DisableScriptedObjects (21ms)
			BackupInstance (0ms)
			ReleaseScriptingObjects (0ms)
			CreateAndSetChildDomain (58ms)
		EndReloadAssembly (2151ms)
			LoadAssemblies (207ms)
			RebuildTransferFunctionScriptingTraits (0ms)
			SetupTypeCache (512ms)
			ReleaseScriptCaches (2ms)
			RebuildScriptCaches (80ms)
			SetupLoadedEditorAssemblies (907ms)
				LogAssemblyErrors (0ms)
				InitializePlatformSupportModulesInManaged (30ms)
				SetLoadedEditorAssemblies (1ms)
				RefreshPlugins (2ms)
				BeforeProcessingInitializeOnLoad (204ms)
				ProcessInitializeOnLoadAttributes (634ms)
				ProcessInitializeOnLoadMethodAttributes (26ms)
				AfterProcessingInitializeOnLoad (10ms)
				EditorAssembliesLoaded (0ms)
			ExecutionOrderSort2 (0ms)
			AwakeInstancesAfterBackupRestoration (39ms)
Platform modules already initialized, skipping
Switching build target platform(19) subTarget(0) extendedPlatform(0) -> platform(13) subTarget(589824) extendedPlatform(0)
Refreshing native plugins compatible for Editor in 0.89 ms, found 3 plugins.
Preloading 0 native plugins for Editor in 0.00 ms.
Unloading 2125 Unused Serialized files (Serialized files now loaded: 0)
System memory in use before: 97.6 MB.
System memory in use after: 97.7 MB.

Unloading 15 unused Assets to reduce memory usage. Loaded Objects now: 2610.
Total: 5.882900 ms (FindLiveObjects: 0.359100 ms CreateObjectMapping: 0.087300 ms MarkObjects: 5.392300 ms  DeleteObjects: 0.042200 ms)

AssetImportParameters requested are different than current active one (requested -> active):
  custom:framework-win-MediaFoundation: 216162199b28c13a410421893ffa2e32 -> 
  custom:video-decoder-ogg-theora: a1e56fd34408186e4bbccfd4996cb3dc -> 
  custom:container-muxer-webm: aa71ff27fc2769a1b78a27578f13a17b -> 
  custom:container-demuxer-webm: 4f35f7cbe854078d1ac9338744f61a02 -> 
  custom:container-demuxer-ogg: 62fdf1f143b41e24485cea50d1cbac27 -> 
  custom:video-encoder-webm-vp8: eb34c28f22e8b96e1ab97ce403110664 -> 
  custom:video-codec-MediaFoundation-h265: 746d11721c4dcdbdad8f713fa42b33f4 -> 
  custom:video-decoder-webm-vp8: 9c59270c3fd7afecdb556c50c9e8de78 -> 
  custom:graphics/normal-map-encoding: 01000000000000000000000000000000 -> 02000000000000000000000000000000
  custom:audio-decoder-ogg-vorbis: bf7c407c2cedff20999df2af8eb42d56 -> 
  custom:audio-encoder-webm-vorbis: bf7c407c2cedff20999df2af8eb42d56 -> 
