Using pre-set license
Built from '2020.3/staging' branch; Version is '2020.3.20f1 (41c4e627c95f) revision 4310246'; Using compiler version '192528614'; Build Type 'Release'
OS: 'Windows 10 Home Single Language; OS build 19043.1348; Version 2009; 64bit' Language: 'en' Physical Memory: 6058 MB
BatchMode: 1, IsHumanControllingUs: 0, StartBugReporterOnCrash: 0, Is64bit: 1, IsPro: 0

COMMAND LINE ARGUMENTS:
C:\Program Files\Unity\Hub\Editor\2020.3.20f1\Editor\Unity.exe
-adb2
-batchMode
-noUpm
-name
AssetImportWorker4
-projectPath
C:/Users/Andrea Alvares/OneDrive/Documents/GitHub/New-Unity-Project
-logFile
Logs/AssetImportWorker4.log
-srvPort
61130
Successfully changed project path to: C:/Users/Andrea Alvares/OneDrive/Documents/GitHub/New-Unity-Project
C:/Users/Andrea Alvares/OneDrive/Documents/GitHub/New-Unity-Project
Using Asset Import Pipeline V2.
Refreshing native plugins compatible for Editor in 59.73 ms, found 3 plugins.
Preloading 0 native plugins for Editor in 0.00 ms.
Initialize engine version: 2020.3.20f1 (41c4e627c95f)
[Subsystems] Discovering subsystems at path C:/Program Files/Unity/Hub/Editor/2020.3.20f1/Editor/Data/Resources/UnitySubsystems
[Subsystems] Discovering subsystems at path C:/Users/Andrea Alvares/OneDrive/Documents/GitHub/New-Unity-Project/Assets
GfxDevice: creating device client; threaded=0
Direct3D:
    Version:  Direct3D 11.0 [level 11.1]
    Renderer: AMD Radeon(TM) Vega 8 Graphics (ID=0x15d8)
    Vendor:   
    VRAM:     3029 MB
    Driver:   27.20.15030.5001
Initialize mono
Mono path[0] = 'C:/Program Files/Unity/Hub/Editor/2020.3.20f1/Editor/Data/Managed'
Mono path[1] = 'C:/Program Files/Unity/Hub/Editor/2020.3.20f1/Editor/Data/MonoBleedingEdge/lib/mono/unityjit'
Mono config path = 'C:/Program Files/Unity/Hub/Editor/2020.3.20f1/Editor/Data/MonoBleedingEdge/etc'
Using monoOptions --debugger-agent=transport=dt_socket,embedding=1,server=y,suspend=n,address=127.0.0.1:56484
Begin MonoManager ReloadAssembly
Registering precompiled unity dll's ...
Register platform support module: C:/Program Files/Unity/Hub/Editor/2020.3.20f1/Editor/Data/PlaybackEngines/WindowsStandaloneSupport/UnityEditor.WindowsStandalone.Extensions.dll
Registered in 0.004498 seconds.
Native extension for WindowsStandalone target not found
Refreshing native plugins compatible for Editor in 116.80 ms, found 3 plugins.
Preloading 0 native plugins for Editor in 0.00 ms.
Mono: successfully reloaded assembly
- Completed reload, in  3.354 seconds
Domain Reload Profiling:
	ReloadAssembly (3355ms)
		BeginReloadAssembly (97ms)
			ExecutionOrderSort (0ms)
			DisableScriptedObjects (0ms)
			BackupInstance (0ms)
			ReleaseScriptingObjects (0ms)
			CreateAndSetChildDomain (1ms)
		EndReloadAssembly (664ms)
			LoadAssemblies (93ms)
			RebuildTransferFunctionScriptingTraits (0ms)
			SetupTypeCache (178ms)
			ReleaseScriptCaches (0ms)
			RebuildScriptCaches (35ms)
			SetupLoadedEditorAssemblies (331ms)
				LogAssemblyErrors (0ms)
				InitializePlatformSupportModulesInManaged (5ms)
				SetLoadedEditorAssemblies (0ms)
				RefreshPlugins (117ms)
				BeforeProcessingInitializeOnLoad (24ms)
				ProcessInitializeOnLoadAttributes (117ms)
				ProcessInitializeOnLoadMethodAttributes (68ms)
				AfterProcessingInitializeOnLoad (0ms)
				EditorAssembliesLoaded (0ms)
			ExecutionOrderSort2 (0ms)
			AwakeInstancesAfterBackupRestoration (0ms)
Platform modules already initialized, skipping
Registering precompiled user dll's ...
Registered in 0.006299 seconds.
Begin MonoManager ReloadAssembly
Native extension for WindowsStandalone target not found
Refreshing native plugins compatible for Editor in 82.06 ms, found 3 plugins.
Preloading 0 native plugins for Editor in 0.00 ms.
Mono: successfully reloaded assembly
- Completed reload, in  6.582 seconds
Domain Reload Profiling:
	ReloadAssembly (6583ms)
		BeginReloadAssembly (442ms)
			ExecutionOrderSort (0ms)
			DisableScriptedObjects (11ms)
			BackupInstance (0ms)
			ReleaseScriptingObjects (0ms)
			CreateAndSetChildDomain (44ms)
		EndReloadAssembly (5950ms)
			LoadAssemblies (4237ms)
			RebuildTransferFunctionScriptingTraits (1ms)
			SetupTypeCache (633ms)
			ReleaseScriptCaches (1ms)
			RebuildScriptCaches (149ms)
			SetupLoadedEditorAssemblies (748ms)
				LogAssemblyErrors (0ms)
				InitializePlatformSupportModulesInManaged (7ms)
				SetLoadedEditorAssemblies (0ms)
				RefreshPlugins (82ms)
				BeforeProcessingInitializeOnLoad (139ms)
				ProcessInitializeOnLoadAttributes (485ms)
				ProcessInitializeOnLoadMethodAttributes (22ms)
				AfterProcessingInitializeOnLoad (12ms)
				EditorAssembliesLoaded (0ms)
			ExecutionOrderSort2 (0ms)
			AwakeInstancesAfterBackupRestoration (8ms)
Platform modules already initialized, skipping
========================================================================
Worker process is ready to serve import requests
Launched and connected shader compiler UnityShaderCompiler.exe after 0.68 seconds
Refreshing native plugins compatible for Editor in 1.62 ms, found 3 plugins.
Preloading 0 native plugins for Editor in 0.00 ms.
Unloading 2148 Unused Serialized files (Serialized files now loaded: 0)
System memory in use before: 96.4 MB.
System memory in use after: 96.5 MB.

Unloading 26 unused Assets to reduce memory usage. Loaded Objects now: 2586.
Total: 8.491000 ms (FindLiveObjects: 0.455900 ms CreateObjectMapping: 0.131900 ms MarkObjects: 7.719400 ms  DeleteObjects: 0.180200 ms)

AssetImportParameters requested are different than current active one (requested -> active):
  custom:framework-win-MediaFoundation: 216162199b28c13a410421893ffa2e32 -> 
  custom:video-decoder-ogg-theora: a1e56fd34408186e4bbccfd4996cb3dc -> 
  custom:container-muxer-webm: aa71ff27fc2769a1b78a27578f13a17b -> 
  custom:container-demuxer-webm: 4f35f7cbe854078d1ac9338744f61a02 -> 
  custom:container-demuxer-ogg: 62fdf1f143b41e24485cea50d1cbac27 -> 
  custom:video-encoder-webm-vp8: eb34c28f22e8b96e1ab97ce403110664 -> 
  custom:video-decoder-webm-vp8: 9c59270c3fd7afecdb556c50c9e8de78 -> 
  custom:audio-decoder-ogg-vorbis: bf7c407c2cedff20999df2af8eb42d56 -> 
  custom:audio-encoder-webm-vorbis: bf7c407c2cedff20999df2af8eb42d56 -> 
========================================================================
Received Import Request.
  path: Assets/Scenes
  artifactKey: Guid(9448af764ca6cad419e8a1772e58f5ab) Importer(815301076,1909f56bfc062723c751e8b465ee728b)
Start importing Assets/Scenes using Guid(9448af764ca6cad419e8a1772e58f5ab) Importer(815301076,1909f56bfc062723c751e8b465ee728b)  -> (artifact id: 'f1deb13e3aa5d014eafdb46e425c62b5') in 0.053556 seconds 
  Import took 0.061789 seconds .

========================================================================
Received Import Request.
  Time since last request: 0.000454 seconds.
  path: Assets/Scenes/Level1.unity
  artifactKey: Guid(0e9341c018d61b1409a2aa661b4c91ca) Importer(815301076,1909f56bfc062723c751e8b465ee728b)
Start importing Assets/Scenes/Level1.unity using Guid(0e9341c018d61b1409a2aa661b4c91ca) Importer(815301076,1909f56bfc062723c751e8b465ee728b)  -> (artifact id: '3e7e4cdc1bb454b2a821d8b800f1d4fc') in 0.041611 seconds 
  Import took 0.049208 seconds .

========================================================================
Received Prepare
Registering precompiled user dll's ...
Registered in 2.998790 seconds.
Begin MonoManager ReloadAssembly
Native extension for WindowsStandalone target not found
Refreshing native plugins compatible for Editor in 0.78 ms, found 3 plugins.
Preloading 0 native plugins for Editor in 0.00 ms.
Mono: successfully reloaded assembly
- Completed reload, in 10.268 seconds
Domain Reload Profiling:
	ReloadAssembly (10269ms)
		BeginReloadAssembly (347ms)
			ExecutionOrderSort (0ms)
			DisableScriptedObjects (31ms)
			BackupInstance (0ms)
			ReleaseScriptingObjects (0ms)
			CreateAndSetChildDomain (76ms)
		EndReloadAssembly (9761ms)
			LoadAssemblies (7881ms)
			RebuildTransferFunctionScriptingTraits (0ms)
			SetupTypeCache (743ms)
			ReleaseScriptCaches (2ms)
			RebuildScriptCaches (90ms)
			SetupLoadedEditorAssemblies (769ms)
				LogAssemblyErrors (0ms)
				InitializePlatformSupportModulesInManaged (12ms)
				SetLoadedEditorAssemblies (1ms)
				RefreshPlugins (1ms)
				BeforeProcessingInitializeOnLoad (190ms)
				ProcessInitializeOnLoadAttributes (529ms)
				ProcessInitializeOnLoadMethodAttributes (14ms)
				AfterProcessingInitializeOnLoad (22ms)
				EditorAssembliesLoaded (0ms)
			ExecutionOrderSort2 (0ms)
			AwakeInstancesAfterBackupRestoration (30ms)
Platform modules already initialized, skipping
Switching build target platform(19) subTarget(0) extendedPlatform(0) -> platform(13) subTarget(589824) extendedPlatform(0)
Refreshing native plugins compatible for Editor in 1.88 ms, found 3 plugins.
Preloading 0 native plugins for Editor in 0.00 ms.
Unloading 2126 Unused Serialized files (Serialized files now loaded: 0)
System memory in use before: 94.4 MB.
System memory in use after: 94.5 MB.

Unloading 14 unused Assets to reduce memory usage. Loaded Objects now: 2589.
Total: 6.432700 ms (FindLiveObjects: 0.360700 ms CreateObjectMapping: 0.100000 ms MarkObjects: 5.935800 ms  DeleteObjects: 0.034100 ms)

AssetImportParameters requested are different than current active one (requested -> active):
  custom:framework-win-MediaFoundation: 216162199b28c13a410421893ffa2e32 -> 
  custom:video-decoder-ogg-theora: a1e56fd34408186e4bbccfd4996cb3dc -> 
  custom:container-muxer-webm: aa71ff27fc2769a1b78a27578f13a17b -> 
  custom:container-demuxer-webm: 4f35f7cbe854078d1ac9338744f61a02 -> 
  custom:container-demuxer-ogg: 62fdf1f143b41e24485cea50d1cbac27 -> 
  custom:video-encoder-webm-vp8: eb34c28f22e8b96e1ab97ce403110664 -> 
  custom:video-decoder-webm-vp8: 9c59270c3fd7afecdb556c50c9e8de78 -> 
  custom:graphics/normal-map-encoding: 01000000000000000000000000000000 -> 02000000000000000000000000000000
  custom:audio-decoder-ogg-vorbis: bf7c407c2cedff20999df2af8eb42d56 -> 
  custom:audio-encoder-webm-vorbis: bf7c407c2cedff20999df2af8eb42d56 -> 
========================================================================
Received Prepare
Registering precompiled user dll's ...
Registered in 0.007234 seconds.
Begin MonoManager ReloadAssembly
Native extension for WindowsStandalone target not found
Refreshing native plugins compatible for Editor in 0.71 ms, found 3 plugins.
Preloading 0 native plugins for Editor in 0.00 ms.
Mono: successfully reloaded assembly
- Completed reload, in  2.113 seconds
Domain Reload Profiling:
	ReloadAssembly (2114ms)
		BeginReloadAssembly (300ms)
			ExecutionOrderSort (0ms)
			DisableScriptedObjects (11ms)
			BackupInstance (0ms)
			ReleaseScriptingObjects (0ms)
			CreateAndSetChildDomain (80ms)
		EndReloadAssembly (1702ms)
			LoadAssemblies (218ms)
			RebuildTransferFunctionScriptingTraits (0ms)
			SetupTypeCache (608ms)
			ReleaseScriptCaches (2ms)
			RebuildScriptCaches (109ms)
			SetupLoadedEditorAssemblies (602ms)
				LogAssemblyErrors (0ms)
				InitializePlatformSupportModulesInManaged (9ms)
				SetLoadedEditorAssemblies (1ms)
				RefreshPlugins (1ms)
				BeforeProcessingInitializeOnLoad (161ms)
				ProcessInitializeOnLoadAttributes (407ms)
				ProcessInitializeOnLoadMethodAttributes (9ms)
				AfterProcessingInitializeOnLoad (14ms)
				EditorAssembliesLoaded (0ms)
			ExecutionOrderSort2 (0ms)
			AwakeInstancesAfterBackupRestoration (16ms)
Platform modules already initialized, skipping
Switching build target platform(19) subTarget(0) extendedPlatform(0) -> platform(13) subTarget(589824) extendedPlatform(0)
Refreshing native plugins compatible for Editor in 0.94 ms, found 3 plugins.
Preloading 0 native plugins for Editor in 0.00 ms.
Unloading 2126 Unused Serialized files (Serialized files now loaded: 0)
System memory in use before: 94.5 MB.
System memory in use after: 94.6 MB.

Unloading 14 unused Assets to reduce memory usage. Loaded Objects now: 2592.
Total: 4.689200 ms (FindLiveObjects: 0.335300 ms CreateObjectMapping: 0.131400 ms MarkObjects: 4.192000 ms  DeleteObjects: 0.028900 ms)

AssetImportParameters requested are different than current active one (requested -> active):
  custom:framework-win-MediaFoundation: 216162199b28c13a410421893ffa2e32 -> 
  custom:video-decoder-ogg-theora: a1e56fd34408186e4bbccfd4996cb3dc -> 
  custom:container-muxer-webm: aa71ff27fc2769a1b78a27578f13a17b -> 
  custom:container-demuxer-webm: 4f35f7cbe854078d1ac9338744f61a02 -> 
  custom:container-demuxer-ogg: 62fdf1f143b41e24485cea50d1cbac27 -> 
  custom:video-encoder-webm-vp8: eb34c28f22e8b96e1ab97ce403110664 -> 
  custom:video-decoder-webm-vp8: 9c59270c3fd7afecdb556c50c9e8de78 -> 
  custom:graphics/normal-map-encoding: 01000000000000000000000000000000 -> 02000000000000000000000000000000
  custom:audio-decoder-ogg-vorbis: bf7c407c2cedff20999df2af8eb42d56 -> 
  custom:audio-encoder-webm-vorbis: bf7c407c2cedff20999df2af8eb42d56 -> 
========================================================================
Received Prepare
Registering precompiled user dll's ...
Registered in 0.011239 seconds.
Begin MonoManager ReloadAssembly
Native extension for WindowsStandalone target not found
Refreshing native plugins compatible for Editor in 1.24 ms, found 3 plugins.
Preloading 0 native plugins for Editor in 0.00 ms.
Mono: successfully reloaded assembly
- Completed reload, in  2.953 seconds
Domain Reload Profiling:
	ReloadAssembly (2954ms)
		BeginReloadAssembly (379ms)
			ExecutionOrderSort (0ms)
			DisableScriptedObjects (21ms)
			BackupInstance (0ms)
			ReleaseScriptingObjects (0ms)
			CreateAndSetChildDomain (79ms)
		EndReloadAssembly (2373ms)
			LoadAssemblies (353ms)
			RebuildTransferFunctionScriptingTraits (0ms)
			SetupTypeCache (806ms)
			ReleaseScriptCaches (2ms)
			RebuildScriptCaches (110ms)
			SetupLoadedEditorAssemblies (834ms)
				LogAssemblyErrors (0ms)
				InitializePlatformSupportModulesInManaged (15ms)
				SetLoadedEditorAssemblies (2ms)
				RefreshPlugins (1ms)
				BeforeProcessingInitializeOnLoad (241ms)
				ProcessInitializeOnLoadAttributes (534ms)
				ProcessInitializeOnLoadMethodAttributes (15ms)
				AfterProcessingInitializeOnLoad (24ms)
				EditorAssembliesLoaded (0ms)
			ExecutionOrderSort2 (0ms)
			AwakeInstancesAfterBackupRestoration (29ms)
Platform modules already initialized, skipping
Switching build target platform(19) subTarget(0) extendedPlatform(0) -> platform(13) subTarget(589824) extendedPlatform(0)
Refreshing native plugins compatible for Editor in 0.67 ms, found 3 plugins.
Preloading 0 native plugins for Editor in 0.00 ms.
Unloading 2126 Unused Serialized files (Serialized files now loaded: 0)
System memory in use before: 94.5 MB.
System memory in use after: 94.6 MB.

Unloading 14 unused Assets to reduce memory usage. Loaded Objects now: 2595.
Total: 8.605400 ms (FindLiveObjects: 0.429500 ms CreateObjectMapping: 0.094900 ms MarkObjects: 8.050700 ms  DeleteObjects: 0.027900 ms)

AssetImportParameters requested are different than current active one (requested -> active):
  custom:framework-win-MediaFoundation: 216162199b28c13a410421893ffa2e32 -> 
  custom:video-decoder-ogg-theora: a1e56fd34408186e4bbccfd4996cb3dc -> 
  custom:container-muxer-webm: aa71ff27fc2769a1b78a27578f13a17b -> 
  custom:container-demuxer-webm: 4f35f7cbe854078d1ac9338744f61a02 -> 
  custom:container-demuxer-ogg: 62fdf1f143b41e24485cea50d1cbac27 -> 
  custom:video-encoder-webm-vp8: eb34c28f22e8b96e1ab97ce403110664 -> 
  custom:video-decoder-webm-vp8: 9c59270c3fd7afecdb556c50c9e8de78 -> 
  custom:graphics/normal-map-encoding: 01000000000000000000000000000000 -> 02000000000000000000000000000000
  custom:audio-decoder-ogg-vorbis: bf7c407c2cedff20999df2af8eb42d56 -> 
  custom:audio-encoder-webm-vorbis: bf7c407c2cedff20999df2af8eb42d56 -> 
========================================================================
Received Import Request.
  Time since last request: 3615.788569 seconds.
  path: Assets/Scenes/Andrea.unity
  artifactKey: Guid(5cd0303593358b84fb7c1126c1e03f8e) Importer(815301076,1909f56bfc062723c751e8b465ee728b)
Start importing Assets/Scenes/Andrea.unity using Guid(5cd0303593358b84fb7c1126c1e03f8e) Importer(815301076,1909f56bfc062723c751e8b465ee728b)  -> (artifact id: 'fda7c8112890d5d3c69fe3cc5d775a94') in 0.058160 seconds 
  Import took 0.064361 seconds .

========================================================================
Received Import Request.
  Time since last request: 20.752072 seconds.
  path: Assets/Pixel Art Top Down - Basic
  artifactKey: Guid(16e6903942d9bf94d9dd684620613d02) Importer(815301076,1909f56bfc062723c751e8b465ee728b)
Start importing Assets/Pixel Art Top Down - Basic using Guid(16e6903942d9bf94d9dd684620613d02) Importer(815301076,1909f56bfc062723c751e8b465ee728b)  -> (artifact id: '021a6638c961ad95b6514434c89ba980') in 0.028503 seconds 
  Import took 0.034750 seconds .

========================================================================
Received Import Request.
  Time since last request: 1.878319 seconds.
  path: Assets/Pixel Art Top Down - Basic/Material
  artifactKey: Guid(0379c5940f27a7049b6c9e8a3c23041e) Importer(815301076,1909f56bfc062723c751e8b465ee728b)
Start importing Assets/Pixel Art Top Down - Basic/Material using Guid(0379c5940f27a7049b6c9e8a3c23041e) Importer(815301076,1909f56bfc062723c751e8b465ee728b)  -> (artifact id: '4b8059e1f560b9df59e3f6f765103b66') in 0.019828 seconds 
  Import took 0.029444 seconds .

========================================================================
Received Import Request.
  Time since last request: 0.013973 seconds.
  path: Assets/Pixel Art Top Down - Basic/Material/MT Rune Glow.mat
  artifactKey: Guid(61b89fe75af132249ba5700ee0334a72) Importer(815301076,1909f56bfc062723c751e8b465ee728b)
Start importing Assets/Pixel Art Top Down - Basic/Material/MT Rune Glow.mat using Guid(61b89fe75af132249ba5700ee0334a72) Importer(815301076,1909f56bfc062723c751e8b465ee728b)  -> (artifact id: '1ba5e73811307c71a976b5287001c35f') in 1.846609 seconds 
  Import took 1.859769 seconds .

========================================================================
Received Import Request.
  Time since last request: 0.000362 seconds.
  path: Assets/Pixel Art Top Down - Basic/Material/MT Sprite.mat
  artifactKey: Guid(a9f84881abde25b48904c0ff67bca145) Importer(815301076,1909f56bfc062723c751e8b465ee728b)
Start importing Assets/Pixel Art Top Down - Basic/Material/MT Sprite.mat using Guid(a9f84881abde25b48904c0ff67bca145) Importer(815301076,1909f56bfc062723c751e8b465ee728b)  -> (artifact id: '40b89bfa5d315618f7f3e8788e1d2315') in 0.036084 seconds 
  Import took 0.041245 seconds .

========================================================================
Received Import Request.
  Time since last request: 0.000474 seconds.
  path: Assets/Pixel Art Top Down - Basic/Material/MT Shadow.mat
  artifactKey: Guid(6f3f1f0060a4d6a4980ea3283643fbdd) Importer(815301076,1909f56bfc062723c751e8b465ee728b)
Start importing Assets/Pixel Art Top Down - Basic/Material/MT Shadow.mat using Guid(6f3f1f0060a4d6a4980ea3283643fbdd) Importer(815301076,1909f56bfc062723c751e8b465ee728b)  -> (artifact id: '0a2edc8149e2970d8571a948cb8c07b9') in 0.136927 seconds 
  Import took 0.155333 seconds .

========================================================================
Received Import Request.
  Time since last request: 2.134536 seconds.
  path: Assets/Pixel Art Top Down - Basic/Animation
  artifactKey: Guid(c89e3d2b43fc205448e78ae1dcd61d9f) Importer(815301076,1909f56bfc062723c751e8b465ee728b)
Start importing Assets/Pixel Art Top Down - Basic/Animation using Guid(c89e3d2b43fc205448e78ae1dcd61d9f) Importer(815301076,1909f56bfc062723c751e8b465ee728b)  -> (artifact id: '85eb2239ce4114b560944d72ca70907f') in 0.024556 seconds 
  Import took 0.030689 seconds .

========================================================================
Received Import Request.
  Time since last request: 2.847696 seconds.
  path: Assets/Pixel Art Top Down - Basic/Prefab
  artifactKey: Guid(4451b78203ce1474caa69f68067a0221) Importer(815301076,1909f56bfc062723c751e8b465ee728b)
Start importing Assets/Pixel Art Top Down - Basic/Prefab using Guid(4451b78203ce1474caa69f68067a0221) Importer(815301076,1909f56bfc062723c751e8b465ee728b)  -> (artifact id: 'c9c3d1528be46bed57c63aa8909bc8a0') in 0.017979 seconds 
  Import took 0.064120 seconds .

========================================================================
Received Prepare
Registering precompiled user dll's ...
Registered in 0.010688 seconds.
Begin MonoManager ReloadAssembly
Native extension for WindowsStandalone target not found
Refreshing native plugins compatible for Editor in 1.23 ms, found 3 plugins.
Preloading 0 native plugins for Editor in 0.00 ms.
Mono: successfully reloaded assembly
- Completed reload, in  2.566 seconds
Domain Reload Profiling:
	ReloadAssembly (2566ms)
		BeginReloadAssembly (287ms)
			ExecutionOrderSort (0ms)
			DisableScriptedObjects (10ms)
			BackupInstance (0ms)
			ReleaseScriptingObjects (0ms)
			CreateAndSetChildDomain (72ms)
		EndReloadAssembly (2094ms)
			LoadAssemblies (247ms)
			RebuildTransferFunctionScriptingTraits (0ms)
			SetupTypeCache (678ms)
			ReleaseScriptCaches (1ms)
			RebuildScriptCaches (127ms)
			SetupLoadedEditorAssemblies (727ms)
				LogAssemblyErrors (0ms)
				InitializePlatformSupportModulesInManaged (12ms)
				SetLoadedEditorAssemblies (1ms)
				RefreshPlugins (1ms)
				BeforeProcessingInitializeOnLoad (205ms)
				ProcessInitializeOnLoadAttributes (463ms)
				ProcessInitializeOnLoadMethodAttributes (19ms)
				AfterProcessingInitializeOnLoad (25ms)
				EditorAssembliesLoaded (0ms)
			ExecutionOrderSort2 (0ms)
			AwakeInstancesAfterBackupRestoration (28ms)
Platform modules already initialized, skipping
Switching build target platform(19) subTarget(0) extendedPlatform(0) -> platform(13) subTarget(589824) extendedPlatform(0)
Refreshing native plugins compatible for Editor in 0.60 ms, found 3 plugins.
Preloading 0 native plugins for Editor in 0.00 ms.
Unloading 2126 Unused Serialized files (Serialized files now loaded: 0)
System memory in use before: 97.7 MB.
System memory in use after: 97.8 MB.

Unloading 14 unused Assets to reduce memory usage. Loaded Objects now: 2638.
Total: 4.849800 ms (FindLiveObjects: 0.284000 ms CreateObjectMapping: 0.077400 ms MarkObjects: 4.461300 ms  DeleteObjects: 0.025500 ms)

AssetImportParameters requested are different than current active one (requested -> active):
  custom:framework-win-MediaFoundation: 216162199b28c13a410421893ffa2e32 -> 
  custom:video-decoder-ogg-theora: a1e56fd34408186e4bbccfd4996cb3dc -> 
  custom:container-muxer-webm: aa71ff27fc2769a1b78a27578f13a17b -> 
  custom:container-demuxer-webm: 4f35f7cbe854078d1ac9338744f61a02 -> 
  custom:container-demuxer-ogg: 62fdf1f143b41e24485cea50d1cbac27 -> 
  custom:video-encoder-webm-vp8: eb34c28f22e8b96e1ab97ce403110664 -> 
  custom:video-decoder-webm-vp8: 9c59270c3fd7afecdb556c50c9e8de78 -> 
  custom:graphics/normal-map-encoding: 01000000000000000000000000000000 -> 02000000000000000000000000000000
  custom:audio-decoder-ogg-vorbis: bf7c407c2cedff20999df2af8eb42d56 -> 
  custom:audio-encoder-webm-vorbis: bf7c407c2cedff20999df2af8eb42d56 -> 
========================================================================
Received Import Request.
  Time since last request: 12.091300 seconds.
  path: Assets/Pixel Art Top Down - Basic/Prefab/Props/PF Props Brick T2.prefab
  artifactKey: Guid(5d42979a3c318c341b37b4b1f2c85750) Importer(815301076,1909f56bfc062723c751e8b465ee728b)
Start importing Assets/Pixel Art Top Down - Basic/Prefab/Props/PF Props Brick T2.prefab using Guid(5d42979a3c318c341b37b4b1f2c85750) Importer(815301076,1909f56bfc062723c751e8b465ee728b)  -> (artifact id: '95a1d10b6b64fab22faa1f1033500194') in 0.172202 seconds 
  Import took 0.178183 seconds .

========================================================================
Received Import Request.
  Time since last request: 0.000481 seconds.
  path: Assets/Pixel Art Top Down - Basic/Prefab/Props/PF Props Stone T6.prefab
  artifactKey: Guid(d5762f992ea3bd544bb8287f66e8f844) Importer(815301076,1909f56bfc062723c751e8b465ee728b)
Start importing Assets/Pixel Art Top Down - Basic/Prefab/Props/PF Props Stone T6.prefab using Guid(d5762f992ea3bd544bb8287f66e8f844) Importer(815301076,1909f56bfc062723c751e8b465ee728b)  -> (artifact id: 'e005e15fed937fb25d632a3fe616ba93') in 0.052610 seconds 
  Import took 0.059787 seconds .

========================================================================
Received Import Request.
  Time since last request: 0.000531 seconds.
  path: Assets/Pixel Art Top Down - Basic/Prefab/Props/PF Props Pillar Broken.prefab
  artifactKey: Guid(cfa0a5ef94fb05d4f97d095a05dc55c5) Importer(815301076,1909f56bfc062723c751e8b465ee728b)
Start importing Assets/Pixel Art Top Down - Basic/Prefab/Props/PF Props Pillar Broken.prefab using Guid(cfa0a5ef94fb05d4f97d095a05dc55c5) Importer(815301076,1909f56bfc062723c751e8b465ee728b)  -> (artifact id: '9bfbe6e0459b4de56063942bb5280e62') in 0.059533 seconds 
  Import took 0.085089 seconds .

========================================================================
Received Import Request.
  Time since last request: 0.000416 seconds.
  path: Assets/Pixel Art Top Down - Basic/Prefab/Props/PF Props Stone Lantern.prefab
  artifactKey: Guid(84395be60ff2def43bb58fa039614eab) Importer(815301076,1909f56bfc062723c751e8b465ee728b)
Start importing Assets/Pixel Art Top Down - Basic/Prefab/Props/PF Props Stone Lantern.prefab using Guid(84395be60ff2def43bb58fa039614eab) Importer(815301076,1909f56bfc062723c751e8b465ee728b)  -> (artifact id: 'c0079c085b29a430060df648a1fdacb0') in 0.057532 seconds 
  Import took 0.067914 seconds .

========================================================================
Received Import Request.
  Time since last request: 0.000461 seconds.
  path: Assets/Pixel Art Top Down - Basic/Prefab/Props/PF Props Rune Pillar X2.prefab
  artifactKey: Guid(6d6991dbbdeecb1488bbf78c063d1235) Importer(815301076,1909f56bfc062723c751e8b465ee728b)
Start importing Assets/Pixel Art Top Down - Basic/Prefab/Props/PF Props Rune Pillar X2.prefab using Guid(6d6991dbbdeecb1488bbf78c063d1235) Importer(815301076,1909f56bfc062723c751e8b465ee728b)  -> (artifact id: 'db433c3821ea4bfa0e086fb15cc4afa2') in 0.088260 seconds 
  Import took 0.105848 seconds .

========================================================================
Received Import Request.
  Time since last request: 0.000455 seconds.
  path: Assets/Pixel Art Top Down - Basic/Prefab/Props/PF Props Stone T1.prefab
  artifactKey: Guid(6d69371a87148ee4dac7b2b814437ffd) Importer(815301076,1909f56bfc062723c751e8b465ee728b)
Start importing Assets/Pixel Art Top Down - Basic/Prefab/Props/PF Props Stone T1.prefab using Guid(6d69371a87148ee4dac7b2b814437ffd) Importer(815301076,1909f56bfc062723c751e8b465ee728b)  -> (artifact id: '572d0881f44be1b20c8bbe12ada8fc29') in 0.113248 seconds 
  Import took 0.122103 seconds .

========================================================================
Received Import Request.
  Time since last request: 0.000311 seconds.
  path: Assets/Pixel Art Top Down - Basic/Prefab/Props/PF Props Stone Bench E.prefab
  artifactKey: Guid(d925f1d26bd95904886e446c97ec33c3) Importer(815301076,1909f56bfc062723c751e8b465ee728b)
Start importing Assets/Pixel Art Top Down - Basic/Prefab/Props/PF Props Stone Bench E.prefab using Guid(d925f1d26bd95904886e446c97ec33c3) Importer(815301076,1909f56bfc062723c751e8b465ee728b)  -> (artifact id: '847d8a561caa096491d5bca752e50075') in 0.056405 seconds 
  Import took 0.065796 seconds .

========================================================================
Received Import Request.
  Time since last request: 0.000533 seconds.
  path: Assets/Pixel Art Top Down - Basic/Prefab/Props/PF Props Stair L.prefab
  artifactKey: Guid(a92434f05fc24a2408687e0356655548) Importer(815301076,1909f56bfc062723c751e8b465ee728b)
Start importing Assets/Pixel Art Top Down - Basic/Prefab/Props/PF Props Stair L.prefab using Guid(a92434f05fc24a2408687e0356655548) Importer(815301076,1909f56bfc062723c751e8b465ee728b)  -> (artifact id: '26d0daf64e6b9b2222fc782f6180dd49') in 0.070840 seconds 
  Import took 0.079415 seconds .

========================================================================
Received Import Request.
  Time since last request: 0.000333 seconds.
  path: Assets/Pixel Art Top Down - Basic/Prefab/Props/PF Props Stone Bench S.prefab
  artifactKey: Guid(8fd7cba4384381e4aad6dc90158fc9d5) Importer(815301076,1909f56bfc062723c751e8b465ee728b)
Start importing Assets/Pixel Art Top Down - Basic/Prefab/Props/PF Props Stone Bench S.prefab using Guid(8fd7cba4384381e4aad6dc90158fc9d5) Importer(815301076,1909f56bfc062723c751e8b465ee728b)  -> (artifact id: '4c1b4bbd4f0ff186f0632098b261fa2e') in 0.070180 seconds 
  Import took 0.076165 seconds .

========================================================================
Received Import Request.
  Time since last request: 0.000354 seconds.
  path: Assets/Pixel Art Top Down - Basic/Prefab/Props/PF Gate T1.prefab
  artifactKey: Guid(4be821d0b78ad5043985b57b738e951b) Importer(815301076,1909f56bfc062723c751e8b465ee728b)
Start importing Assets/Pixel Art Top Down - Basic/Prefab/Props/PF Gate T1.prefab using Guid(4be821d0b78ad5043985b57b738e951b) Importer(815301076,1909f56bfc062723c751e8b465ee728b)  -> (artifact id: 'fe2752bbd88fb6d2eae6849d6595aac9') in 0.127867 seconds 
  Import took 0.133157 seconds .

========================================================================
Received Import Request.
  Time since last request: 0.000443 seconds.
  path: Assets/Pixel Art Top Down - Basic/Prefab/Props/PF Gate T2.prefab
  artifactKey: Guid(b95acdc3b0c1a444c87723520fbab2f0) Importer(815301076,1909f56bfc062723c751e8b465ee728b)
Start importing Assets/Pixel Art Top Down - Basic/Prefab/Props/PF Gate T2.prefab using Guid(b95acdc3b0c1a444c87723520fbab2f0) Importer(815301076,1909f56bfc062723c751e8b465ee728b)  -> (artifact id: 'd3afbafd308538fc7421f6448d4f0571') in 0.070051 seconds 
  Import took 0.079426 seconds .

========================================================================
Received Import Request.
  Time since last request: 0.000481 seconds.
  path: Assets/Pixel Art Top Down - Basic/Prefab/Props/PF Props Pillar.prefab
  artifactKey: Guid(41ea6afb203377e42995d7d016ea5907) Importer(815301076,1909f56bfc062723c751e8b465ee728b)
Start importing Assets/Pixel Art Top Down - Basic/Prefab/Props/PF Props Pillar.prefab using Guid(41ea6afb203377e42995d7d016ea5907) Importer(815301076,1909f56bfc062723c751e8b465ee728b)  -> (artifact id: '2dd4148c95a15a3ed71442a411cb14da') in 0.054639 seconds 
  Import took 0.063710 seconds .

========================================================================
Received Import Request.
  Time since last request: 0.000426 seconds.
  path: Assets/Pixel Art Top Down - Basic/Prefab/Props/PF Props Stair Broken L.prefab
  artifactKey: Guid(6bc7a266104dec640a8bc2ab2e5cd968) Importer(815301076,1909f56bfc062723c751e8b465ee728b)
Start importing Assets/Pixel Art Top Down - Basic/Prefab/Props/PF Props Stair Broken L.prefab using Guid(6bc7a266104dec640a8bc2ab2e5cd968) Importer(815301076,1909f56bfc062723c751e8b465ee728b)  -> (artifact id: 'ccd01bafa3dda4ccc1e118d321778087') in 0.056943 seconds 
  Import took 0.066657 seconds .

========================================================================
Received Import Request.
  Time since last request: 0.000495 seconds.
  path: Assets/Pixel Art Top Down - Basic/Prefab/Props/PF Props Stair Broken M.prefab
  artifactKey: Guid(295e819650a63784185fc3d55ce9e650) Importer(815301076,1909f56bfc062723c751e8b465ee728b)
Start importing Assets/Pixel Art Top Down - Basic/Prefab/Props/PF Props Stair Broken M.prefab using Guid(295e819650a63784185fc3d55ce9e650) Importer(815301076,1909f56bfc062723c751e8b465ee728b)  -> (artifact id: 'c43cc4fa11f99b93be55e1eca07f38e8') in 0.063532 seconds 
  Import took 0.092081 seconds .

========================================================================
Received Import Request.
  Time since last request: 0.000384 seconds.
  path: Assets/Pixel Art Top Down - Basic/Prefab/Props/PF Props Stair Broken R.prefab
  artifactKey: Guid(b7a5fce6e52ebbf488a8e8516c6692cb) Importer(815301076,1909f56bfc062723c751e8b465ee728b)
Start importing Assets/Pixel Art Top Down - Basic/Prefab/Props/PF Props Stair Broken R.prefab using Guid(b7a5fce6e52ebbf488a8e8516c6692cb) Importer(815301076,1909f56bfc062723c751e8b465ee728b)  -> (artifact id: '12656f256732fb49137ea6ae6f9bda1e') in 0.054260 seconds 
  Import took 0.063888 seconds .

========================================================================
Received Import Request.
  Time since last request: 0.000312 seconds.
  path: Assets/Pixel Art Top Down - Basic/Prefab/Props/PF Props Stone T2.prefab
  artifactKey: Guid(713b33322b495794e92184973ece3034) Importer(815301076,1909f56bfc062723c751e8b465ee728b)
Start importing Assets/Pixel Art Top Down - Basic/Prefab/Props/PF Props Stone T2.prefab using Guid(713b33322b495794e92184973ece3034) Importer(815301076,1909f56bfc062723c751e8b465ee728b)  -> (artifact id: 'd614ea6481832bb83cdf7fac7a71bf0a') in 0.059050 seconds 
  Import took 0.069168 seconds .

========================================================================
Received Import Request.
  Time since last request: 0.000410 seconds.
  path: Assets/Pixel Art Top Down - Basic/Prefab/Props/PF Props Stone T4.prefab
  artifactKey: Guid(4c4e80b50a323dc478f7c84e0b8fdad2) Importer(815301076,1909f56bfc062723c751e8b465ee728b)
Start importing Assets/Pixel Art Top Down - Basic/Prefab/Props/PF Props Stone T4.prefab using Guid(4c4e80b50a323dc478f7c84e0b8fdad2) Importer(815301076,1909f56bfc062723c751e8b465ee728b)  -> (artifact id: '5a5984633127f034ad6c52f01ec152d1') in 0.062371 seconds 
  Import took 0.071080 seconds .

========================================================================
Received Import Request.
  Time since last request: 0.000465 seconds.
  path: Assets/Pixel Art Top Down - Basic/Prefab/Props/PF Props Stone Coffin H.prefab
  artifactKey: Guid(42d58802fe231b14c8692b0c06082f5d) Importer(815301076,1909f56bfc062723c751e8b465ee728b)
Start importing Assets/Pixel Art Top Down - Basic/Prefab/Props/PF Props Stone Coffin H.prefab using Guid(42d58802fe231b14c8692b0c06082f5d) Importer(815301076,1909f56bfc062723c751e8b465ee728b)  -> (artifact id: '17f5f82356ae6a6c29201cf811bee42c') in 0.063506 seconds 
  Import took 0.086824 seconds .

========================================================================
Received Import Request.
  Time since last request: 0.000562 seconds.
  path: Assets/Pixel Art Top Down - Basic/Prefab/Props/PF Props Stone Coffin V.prefab
  artifactKey: Guid(e54d3c80cde4e314eae0912eca6a93ae) Importer(815301076,1909f56bfc062723c751e8b465ee728b)
Start importing Assets/Pixel Art Top Down - Basic/Prefab/Props/PF Props Stone Coffin V.prefab using Guid(e54d3c80cde4e314eae0912eca6a93ae) Importer(815301076,1909f56bfc062723c751e8b465ee728b)  -> (artifact id: '7fc4358459f33577e04673d9913757ec') in 0.061569 seconds 
  Import took 0.070710 seconds .

========================================================================
Received Import Request.
  Time since last request: 0.000333 seconds.
  path: Assets/Pixel Art Top Down - Basic/Prefab/Props/PF Props Stone T7.prefab
  artifactKey: Guid(f826bf48ad5bedc4ab6cabe6c4e498e8) Importer(815301076,1909f56bfc062723c751e8b465ee728b)
Start importing Assets/Pixel Art Top Down - Basic/Prefab/Props/PF Props Stone T7.prefab using Guid(f826bf48ad5bedc4ab6cabe6c4e498e8) Importer(815301076,1909f56bfc062723c751e8b465ee728b)  -> (artifact id: 'b840664c1788eb05e19cc87c6f84f8d4') in 0.092765 seconds 
  Import took 0.104682 seconds .

========================================================================
Received Import Request.
  Time since last request: 0.000387 seconds.
  path: Assets/Pixel Art Top Down - Basic/Prefab/Props/PF Props Gravestone B.prefab
  artifactKey: Guid(6242b925f1d3e0d44a183102cd3d4c26) Importer(815301076,1909f56bfc062723c751e8b465ee728b)
Start importing Assets/Pixel Art Top Down - Basic/Prefab/Props/PF Props Gravestone B.prefab using Guid(6242b925f1d3e0d44a183102cd3d4c26) Importer(815301076,1909f56bfc062723c751e8b465ee728b)  -> (artifact id: 'd675cb2f1817326a34bc60d2b155d744') in 0.076581 seconds 
  Import took 0.083277 seconds .

========================================================================
Received Import Request.
  Time since last request: 0.000589 seconds.
  path: Assets/Pixel Art Top Down - Basic/Prefab/Props/PF Props Statue.prefab
  artifactKey: Guid(d730038d263986f4dac93230e1dd62b0) Importer(815301076,1909f56bfc062723c751e8b465ee728b)
Start importing Assets/Pixel Art Top Down - Basic/Prefab/Props/PF Props Statue.prefab using Guid(d730038d263986f4dac93230e1dd62b0) Importer(815301076,1909f56bfc062723c751e8b465ee728b)  -> (artifact id: 'f0f25f2bef2d8a8552f2ba26cdeb946c') in 0.048257 seconds 
  Import took 0.054769 seconds .

========================================================================
Received Import Request.
  Time since last request: 0.000402 seconds.
  path: Assets/Pixel Art Top Down - Basic/Prefab/Props/PF Props Stone Cube.prefab
  artifactKey: Guid(f6a5710827e32d3489da2c249e3bc400) Importer(815301076,1909f56bfc062723c751e8b465ee728b)
Start importing Assets/Pixel Art Top Down - Basic/Prefab/Props/PF Props Stone Cube.prefab using Guid(f6a5710827e32d3489da2c249e3bc400) Importer(815301076,1909f56bfc062723c751e8b465ee728b)  -> (artifact id: '97f1d1e2a2704e944a531da5fd2b5169') in 0.080972 seconds 
  Import took 0.089490 seconds .

========================================================================
Received Import Request.
  Time since last request: 0.000388 seconds.
  path: Assets/Pixel Art Top Down - Basic/Prefab/Props/PF Props Well.prefab
  artifactKey: Guid(91afc0649ae41a64c860a5d49f05ff40) Importer(815301076,1909f56bfc062723c751e8b465ee728b)
Start importing Assets/Pixel Art Top Down - Basic/Prefab/Props/PF Props Well.prefab using Guid(91afc0649ae41a64c860a5d49f05ff40) Importer(815301076,1909f56bfc062723c751e8b465ee728b)  -> (artifact id: '6e06cc69a16bbb566bf2fd1576ed0dc6') in 0.067784 seconds 
  Import took 0.085130 seconds .

========================================================================
Received Import Request.
  Time since last request: 0.000510 seconds.
  path: Assets/Pixel Art Top Down - Basic/Prefab/Props/PF Props Brick T1.prefab
  artifactKey: Guid(ebdc6ef285e0bf542bed7e9c1bfb9923) Importer(815301076,1909f56bfc062723c751e8b465ee728b)
Start importing Assets/Pixel Art Top Down - Basic/Prefab/Props/PF Props Brick T1.prefab using Guid(ebdc6ef285e0bf542bed7e9c1bfb9923) Importer(815301076,1909f56bfc062723c751e8b465ee728b)  -> (artifact id: 'cfe8f4010f344b5896f5bfb126cb2e64') in 0.059278 seconds 
  Import took 0.066626 seconds .

========================================================================
Received Import Request.
  Time since last request: 0.000318 seconds.
  path: Assets/Pixel Art Top Down - Basic/Prefab/Props/PF Props Stair R.prefab
  artifactKey: Guid(df420ddd0ffda274cba2d4807d8987bd) Importer(815301076,1909f56bfc062723c751e8b465ee728b)
Start importing Assets/Pixel Art Top Down - Basic/Prefab/Props/PF Props Stair R.prefab using Guid(df420ddd0ffda274cba2d4807d8987bd) Importer(815301076,1909f56bfc062723c751e8b465ee728b)  -> (artifact id: '957daf6f24d6d8ded1a684b6d3e0089a') in 0.074449 seconds 
  Import took 0.085284 seconds .

========================================================================
Received Import Request.
  Time since last request: 0.000389 seconds.
  path: Assets/Pixel Art Top Down - Basic/Prefab/Props/PF Props Rune Pillar Broken.prefab
  artifactKey: Guid(8728cc48d2747494893fd60426c06f6e) Importer(815301076,1909f56bfc062723c751e8b465ee728b)
Start importing Assets/Pixel Art Top Down - Basic/Prefab/Props/PF Props Rune Pillar Broken.prefab using Guid(8728cc48d2747494893fd60426c06f6e) Importer(815301076,1909f56bfc062723c751e8b465ee728b)  -> (artifact id: '3c35e9f89ae83292e280a3a65ca92c13') in 0.056604 seconds 
  Import took 0.063177 seconds .

========================================================================
Received Import Request.
  Time since last request: 0.000460 seconds.
  path: Assets/Pixel Art Top Down - Basic/Prefab/Props/PF Props Stair M.prefab
  artifactKey: Guid(78e9efbdf9b33994da8dfbe530f65e5e) Importer(815301076,1909f56bfc062723c751e8b465ee728b)
Start importing Assets/Pixel Art Top Down - Basic/Prefab/Props/PF Props Stair M.prefab using Guid(78e9efbdf9b33994da8dfbe530f65e5e) Importer(815301076,1909f56bfc062723c751e8b465ee728b)  -> (artifact id: '8cbc0f3cf16e289a1a10afd22a783e4f') in 0.054816 seconds 
  Import took 0.064502 seconds .

========================================================================
Received Import Request.
  Time since last request: 0.000469 seconds.
  path: Assets/Pixel Art Top Down - Basic/Prefab/Props/PF Props Stone Bench W.prefab
  artifactKey: Guid(8eb546cfc24c8c24196899cee5797135) Importer(815301076,1909f56bfc062723c751e8b465ee728b)
Start importing Assets/Pixel Art Top Down - Basic/Prefab/Props/PF Props Stone Bench W.prefab using Guid(8eb546cfc24c8c24196899cee5797135) Importer(815301076,1909f56bfc062723c751e8b465ee728b)  -> (artifact id: 'bef6c416d74035d351ee012b9721b5a5') in 0.076108 seconds 
  Import took 0.085701 seconds .

========================================================================
Received Import Request.
  Time since last request: 0.000306 seconds.
  path: Assets/Pixel Art Top Down - Basic/Prefab/Props/PF Props Gravestone C.prefab
  artifactKey: Guid(3fcd8726c7cd53345947949baefbab35) Importer(815301076,1909f56bfc062723c751e8b465ee728b)
Start importing Assets/Pixel Art Top Down - Basic/Prefab/Props/PF Props Gravestone C.prefab using Guid(3fcd8726c7cd53345947949baefbab35) Importer(815301076,1909f56bfc062723c751e8b465ee728b)  -> (artifact id: '56239bf4da355ef154ac8e86bb6a64c0') in 0.050403 seconds 
  Import took 0.057420 seconds .

========================================================================
Received Import Request.
  Time since last request: 0.000344 seconds.
  path: Assets/Pixel Art Top Down - Basic/Prefab/Props/PF Props Altar.prefab
  artifactKey: Guid(c5bdca1933fde624698bb8c6d6daa44b) Importer(815301076,1909f56bfc062723c751e8b465ee728b)
Start importing Assets/Pixel Art Top Down - Basic/Prefab/Props/PF Props Altar.prefab using Guid(c5bdca1933fde624698bb8c6d6daa44b) Importer(815301076,1909f56bfc062723c751e8b465ee728b)  -> (artifact id: '97b23f14fa31ff93a35d5aaeb5a61708') in 0.088677 seconds 
  Import took 0.095076 seconds .

========================================================================
Received Import Request.
  Time since last request: 0.000332 seconds.
  path: Assets/Pixel Art Top Down - Basic/Prefab/Props/PF Props Stone T3.prefab
  artifactKey: Guid(ba7fef4c928d8c4459466bf93171730e) Importer(815301076,1909f56bfc062723c751e8b465ee728b)
Start importing Assets/Pixel Art Top Down - Basic/Prefab/Props/PF Props Stone T3.prefab using Guid(ba7fef4c928d8c4459466bf93171730e) Importer(815301076,1909f56bfc062723c751e8b465ee728b)  -> (artifact id: '19cfae83bb96cf56b003c004e850d75e') in 0.080805 seconds 
  Import took 0.091865 seconds .

========================================================================
Received Import Request.
  Time since last request: 0.000425 seconds.
  path: Assets/Pixel Art Top Down - Basic/Prefab/Props/PF Props Brick T3.prefab
  artifactKey: Guid(92a9322ee3bba184f91fbebe53b69bd9) Importer(815301076,1909f56bfc062723c751e8b465ee728b)
Start importing Assets/Pixel Art Top Down - Basic/Prefab/Props/PF Props Brick T3.prefab using Guid(92a9322ee3bba184f91fbebe53b69bd9) Importer(815301076,1909f56bfc062723c751e8b465ee728b)  -> (artifact id: 'd9345324b8ef32cc456e071b6d4e655e') in 0.071575 seconds 
  Import took 0.080834 seconds .

========================================================================
Received Import Request.
  Time since last request: 0.000468 seconds.
  path: Assets/Pixel Art Top Down - Basic/Prefab/Props/PF Props Stone T5.prefab
  artifactKey: Guid(139b2d65b3145ad45bc13b6d111199de) Importer(815301076,1909f56bfc062723c751e8b465ee728b)
Start importing Assets/Pixel Art Top Down - Basic/Prefab/Props/PF Props Stone T5.prefab using Guid(139b2d65b3145ad45bc13b6d111199de) Importer(815301076,1909f56bfc062723c751e8b465ee728b)  -> (artifact id: '5fc22834111370d7ba03e54e60e35fd1') in 0.091248 seconds 
  Import took 0.104269 seconds .

========================================================================
Received Import Request.
  Time since last request: 0.000500 seconds.
  path: Assets/Pixel Art Top Down - Basic/Prefab/Props
  artifactKey: Guid(549c9282ce98c674f9c8e0145c20eb7e) Importer(815301076,1909f56bfc062723c751e8b465ee728b)
Start importing Assets/Pixel Art Top Down - Basic/Prefab/Props using Guid(549c9282ce98c674f9c8e0145c20eb7e) Importer(815301076,1909f56bfc062723c751e8b465ee728b)  -> (artifact id: '196222241802e110a3b90fbdd3869300') in 0.017095 seconds 
  Import took 0.027670 seconds .

========================================================================
Received Import Request.
  Time since last request: 0.000387 seconds.
  path: Assets/Pixel Art Top Down - Basic/Prefab/Props/PF Props Gravestone A.prefab
  artifactKey: Guid(6d9a1504606c57143b1a8bbc2249aabe) Importer(815301076,1909f56bfc062723c751e8b465ee728b)
Start importing Assets/Pixel Art Top Down - Basic/Prefab/Props/PF Props Gravestone A.prefab using Guid(6d9a1504606c57143b1a8bbc2249aabe) Importer(815301076,1909f56bfc062723c751e8b465ee728b)  -> (artifact id: 'e34f3819bcdc5ef656d75332d18f0fa8') in 0.072943 seconds 
  Import took 0.080664 seconds .

========================================================================
Received Import Request.
  Time since last request: 0.000376 seconds.
  path: Assets/Pixel Art Top Down - Basic/Prefab/Props/PF Props Rune Pillar X3.prefab
  artifactKey: Guid(4fad9c4de6b725a43bb1200ed9479c08) Importer(815301076,1909f56bfc062723c751e8b465ee728b)
Start importing Assets/Pixel Art Top Down - Basic/Prefab/Props/PF Props Rune Pillar X3.prefab using Guid(4fad9c4de6b725a43bb1200ed9479c08) Importer(815301076,1909f56bfc062723c751e8b465ee728b)  -> (artifact id: '4b1fb77035ef57af1f8b135beaed5938') in 0.060364 seconds 
  Import took 0.069658 seconds .

========================================================================
Received Import Request.
  Time since last request: 8.072984 seconds.
  path: Assets/Pixel Art Top Down - Basic/Prefab/Props/PF Gate T2.prefab
  artifactKey: Guid(b95acdc3b0c1a444c87723520fbab2f0) Importer(815301076,1909f56bfc062723c751e8b465ee728b)
Start importing Assets/Pixel Art Top Down - Basic/Prefab/Props/PF Gate T2.prefab using Guid(b95acdc3b0c1a444c87723520fbab2f0) Importer(815301076,1909f56bfc062723c751e8b465ee728b)  -> (artifact id: 'a701785479742e1c966b7f82321fb4f2') in 0.065855 seconds 
  Import took 0.073971 seconds .

