Using pre-set license
Built from '2020.3/staging' branch; Version is '2020.3.20f1 (41c4e627c95f) revision 4310246'; Using compiler version '192528614'; Build Type 'Release'
OS: 'Windows 10 Home Single Language; OS build 22000.434; Version 2009; 64bit' Language: 'en' Physical Memory: 6030 MB
BatchMode: 1, IsHumanControllingUs: 0, StartBugReporterOnCrash: 0, Is64bit: 1, IsPro: 0

COMMAND LINE ARGUMENTS:
C:\Program Files\Unity\Hub\Editor\2020.3.20f1\Editor\Unity.exe
-adb2
-batchMode
-noUpm
-name
AssetImportWorker0
-projectPath
C:/Users/jtiff/OneDrive/Desktop/tecknack/New-Unity-Project
-logFile
Logs/AssetImportWorker0.log
-srvPort
50879
Successfully changed project path to: C:/Users/jtiff/OneDrive/Desktop/tecknack/New-Unity-Project
C:/Users/jtiff/OneDrive/Desktop/tecknack/New-Unity-Project
Using Asset Import Pipeline V2.
Refreshing native plugins compatible for Editor in 150.54 ms, found 3 plugins.
Preloading 0 native plugins for Editor in 0.00 ms.
Initialize engine version: 2020.3.20f1 (41c4e627c95f)
[Subsystems] Discovering subsystems at path C:/Program Files/Unity/Hub/Editor/2020.3.20f1/Editor/Data/Resources/UnitySubsystems
[Subsystems] Discovering subsystems at path C:/Users/jtiff/OneDrive/Desktop/tecknack/New-Unity-Project/Assets
GfxDevice: creating device client; threaded=0
Direct3D:
    Version:  Direct3D 11.0 [level 11.1]
    Renderer: AMD Radeon(TM) Graphics (ID=0x15d8)
    Vendor:   
    VRAM:     3015 MB
    Driver:   30.0.13020.4
Initialize mono
Mono path[0] = 'C:/Program Files/Unity/Hub/Editor/2020.3.20f1/Editor/Data/Managed'
Mono path[1] = 'C:/Program Files/Unity/Hub/Editor/2020.3.20f1/Editor/Data/MonoBleedingEdge/lib/mono/unityjit'
Mono config path = 'C:/Program Files/Unity/Hub/Editor/2020.3.20f1/Editor/Data/MonoBleedingEdge/etc'
Using monoOptions --debugger-agent=transport=dt_socket,embedding=1,server=y,suspend=n,address=127.0.0.1:56016
Begin MonoManager ReloadAssembly
Registering precompiled unity dll's ...
Register platform support module: C:/Program Files/Unity/Hub/Editor/2020.3.20f1/Editor/Data/PlaybackEngines/WebGLSupport/UnityEditor.WebGL.Extensions.dll
Register platform support module: C:/Program Files/Unity/Hub/Editor/2020.3.20f1/Editor/Data/PlaybackEngines/WindowsStandaloneSupport/UnityEditor.WindowsStandalone.Extensions.dll
Registered in 0.004395 seconds.
Native extension for WindowsStandalone target not found
Native extension for WebGL target not found
Refreshing native plugins compatible for Editor in 124.73 ms, found 3 plugins.
Preloading 0 native plugins for Editor in 0.00 ms.
Mono: successfully reloaded assembly
- Completed reload, in  7.899 seconds
Domain Reload Profiling:
	ReloadAssembly (7899ms)
		BeginReloadAssembly (114ms)
			ExecutionOrderSort (0ms)
			DisableScriptedObjects (0ms)
			BackupInstance (0ms)
			ReleaseScriptingObjects (0ms)
			CreateAndSetChildDomain (2ms)
		EndReloadAssembly (1044ms)
			LoadAssemblies (111ms)
			RebuildTransferFunctionScriptingTraits (0ms)
			SetupTypeCache (332ms)
			ReleaseScriptCaches (0ms)
			RebuildScriptCaches (84ms)
			SetupLoadedEditorAssemblies (434ms)
				LogAssemblyErrors (0ms)
				InitializePlatformSupportModulesInManaged (16ms)
				SetLoadedEditorAssemblies (1ms)
				RefreshPlugins (125ms)
				BeforeProcessingInitializeOnLoad (21ms)
				ProcessInitializeOnLoadAttributes (199ms)
				ProcessInitializeOnLoadMethodAttributes (71ms)
				AfterProcessingInitializeOnLoad (0ms)
				EditorAssembliesLoaded (1ms)
			ExecutionOrderSort2 (0ms)
			AwakeInstancesAfterBackupRestoration (0ms)
Platform modules already initialized, skipping
Registering precompiled user dll's ...
Registered in 0.009748 seconds.
Begin MonoManager ReloadAssembly
Native extension for WindowsStandalone target not found
Native extension for WebGL target not found
Refreshing native plugins compatible for Editor in 469.20 ms, found 3 plugins.
Preloading 0 native plugins for Editor in 0.00 ms.
Mono: successfully reloaded assembly
- Completed reload, in  3.712 seconds
Domain Reload Profiling:
	ReloadAssembly (3715ms)
		BeginReloadAssembly (335ms)
			ExecutionOrderSort (0ms)
			DisableScriptedObjects (11ms)
			BackupInstance (0ms)
			ReleaseScriptingObjects (0ms)
			CreateAndSetChildDomain (50ms)
		EndReloadAssembly (3116ms)
			LoadAssemblies (305ms)
			RebuildTransferFunctionScriptingTraits (0ms)
			SetupTypeCache (1148ms)
			ReleaseScriptCaches (2ms)
			RebuildScriptCaches (112ms)
			SetupLoadedEditorAssemblies (1228ms)
				LogAssemblyErrors (0ms)
				InitializePlatformSupportModulesInManaged (10ms)
				SetLoadedEditorAssemblies (0ms)
				RefreshPlugins (469ms)
				BeforeProcessingInitializeOnLoad (182ms)
				ProcessInitializeOnLoadAttributes (520ms)
				ProcessInitializeOnLoadMethodAttributes (33ms)
				AfterProcessingInitializeOnLoad (12ms)
				EditorAssembliesLoaded (0ms)
			ExecutionOrderSort2 (0ms)
			AwakeInstancesAfterBackupRestoration (15ms)
Platform modules already initialized, skipping
========================================================================
Worker process is ready to serve import requests
Launched and connected shader compiler UnityShaderCompiler.exe after 0.13 seconds
Refreshing native plugins compatible for Editor in 2.02 ms, found 3 plugins.
Preloading 0 native plugins for Editor in 0.00 ms.
Unloading 2170 Unused Serialized files (Serialized files now loaded: 0)
System memory in use before: 97.6 MB.
System memory in use after: 97.7 MB.

Unloading 25 unused Assets to reduce memory usage. Loaded Objects now: 2608.
Total: 9.604100 ms (FindLiveObjects: 0.769800 ms CreateObjectMapping: 0.165000 ms MarkObjects: 8.465200 ms  DeleteObjects: 0.199900 ms)

AssetImportParameters requested are different than current active one (requested -> active):
  custom:framework-win-MediaFoundation: 216162199b28c13a410421893ffa2e32 -> 
  custom:video-decoder-ogg-theora: a1e56fd34408186e4bbccfd4996cb3dc -> 
  custom:container-muxer-webm: aa71ff27fc2769a1b78a27578f13a17b -> 
  custom:container-demuxer-webm: 4f35f7cbe854078d1ac9338744f61a02 -> 
  custom:container-demuxer-ogg: 62fdf1f143b41e24485cea50d1cbac27 -> 
  custom:video-encoder-webm-vp8: eb34c28f22e8b96e1ab97ce403110664 -> 
  custom:video-codec-MediaFoundation-h265: 746d11721c4dcdbdad8f713fa42b33f4 -> 
  custom:video-decoder-webm-vp8: 9c59270c3fd7afecdb556c50c9e8de78 -> 
  custom:audio-decoder-ogg-vorbis: bf7c407c2cedff20999df2af8eb42d56 -> 
  custom:audio-encoder-webm-vorbis: bf7c407c2cedff20999df2af8eb42d56 -> 
========================================================================
Received Import Request.
  path: Assets/Scenes/LvLOne.unity
  artifactKey: Guid(5758f4e121b07ef4ab82f259740d130f) Importer(815301076,1909f56bfc062723c751e8b465ee728b)
Start importing Assets/Scenes/LvLOne.unity using Guid(5758f4e121b07ef4ab82f259740d130f) Importer(815301076,1909f56bfc062723c751e8b465ee728b)  -> (artifact id: 'b765409b7059f970a6a548be4a0eadc4') in 0.032084 seconds 
  Import took 0.041766 seconds .

========================================================================
Received Prepare
Registering precompiled user dll's ...
Registered in 0.017864 seconds.
Begin MonoManager ReloadAssembly
Native extension for WindowsStandalone target not found
Native extension for WebGL target not found
Refreshing native plugins compatible for Editor in 1.34 ms, found 3 plugins.
Preloading 0 native plugins for Editor in 0.00 ms.
Mono: successfully reloaded assembly
- Completed reload, in  2.369 seconds
Domain Reload Profiling:
	ReloadAssembly (2370ms)
		BeginReloadAssembly (261ms)
			ExecutionOrderSort (0ms)
			DisableScriptedObjects (14ms)
			BackupInstance (0ms)
			ReleaseScriptingObjects (0ms)
			CreateAndSetChildDomain (94ms)
		EndReloadAssembly (1962ms)
			LoadAssemblies (274ms)
			RebuildTransferFunctionScriptingTraits (0ms)
			SetupTypeCache (672ms)
			ReleaseScriptCaches (3ms)
			RebuildScriptCaches (114ms)
			SetupLoadedEditorAssemblies (634ms)
				LogAssemblyErrors (0ms)
				InitializePlatformSupportModulesInManaged (13ms)
				SetLoadedEditorAssemblies (1ms)
				RefreshPlugins (2ms)
				BeforeProcessingInitializeOnLoad (117ms)
				ProcessInitializeOnLoadAttributes (478ms)
				ProcessInitializeOnLoadMethodAttributes (12ms)
				AfterProcessingInitializeOnLoad (11ms)
				EditorAssembliesLoaded (0ms)
			ExecutionOrderSort2 (0ms)
			AwakeInstancesAfterBackupRestoration (23ms)
Platform modules already initialized, skipping
Switching build target platform(19) subTarget(0) extendedPlatform(0) -> platform(13) subTarget(589824) extendedPlatform(0)
Refreshing native plugins compatible for Editor in 1.37 ms, found 3 plugins.
Preloading 0 native plugins for Editor in 0.00 ms.
Unloading 2145 Unused Serialized files (Serialized files now loaded: 0)
System memory in use before: 95.1 MB.
System memory in use after: 95.2 MB.

Unloading 14 unused Assets to reduce memory usage. Loaded Objects now: 2610.
Total: 7.361700 ms (FindLiveObjects: 0.617400 ms CreateObjectMapping: 0.099000 ms MarkObjects: 6.593200 ms  DeleteObjects: 0.047800 ms)

AssetImportParameters requested are different than current active one (requested -> active):
  custom:framework-win-MediaFoundation: 216162199b28c13a410421893ffa2e32 -> 
  custom:video-decoder-ogg-theora: a1e56fd34408186e4bbccfd4996cb3dc -> 
  custom:container-muxer-webm: aa71ff27fc2769a1b78a27578f13a17b -> 
  custom:container-demuxer-webm: 4f35f7cbe854078d1ac9338744f61a02 -> 
  custom:container-demuxer-ogg: 62fdf1f143b41e24485cea50d1cbac27 -> 
  custom:video-encoder-webm-vp8: eb34c28f22e8b96e1ab97ce403110664 -> 
  custom:video-codec-MediaFoundation-h265: 746d11721c4dcdbdad8f713fa42b33f4 -> 
  custom:video-decoder-webm-vp8: 9c59270c3fd7afecdb556c50c9e8de78 -> 
  custom:graphics/normal-map-encoding: 01000000000000000000000000000000 -> 02000000000000000000000000000000
  custom:audio-decoder-ogg-vorbis: bf7c407c2cedff20999df2af8eb42d56 -> 
  custom:audio-encoder-webm-vorbis: bf7c407c2cedff20999df2af8eb42d56 -> 
========================================================================
Received Import Request.
  Time since last request: 1528.532156 seconds.
  path: Assets/TextMesh Pro/Examples & Extras/Textures/Floor Cement.jpg
  artifactKey: Guid(283f897e4925411ebbaa758b4cb13fc2) Importer(815301076,1909f56bfc062723c751e8b465ee728b)
Start importing Assets/TextMesh Pro/Examples & Extras/Textures/Floor Cement.jpg using Guid(283f897e4925411ebbaa758b4cb13fc2) Importer(815301076,1909f56bfc062723c751e8b465ee728b)  -> (artifact id: 'bd456c3e66df8538f558e8946051a5e1') in 0.194753 seconds 
  Import took 0.203737 seconds .

========================================================================
Received Import Request.
  Time since last request: 0.000642 seconds.
  path: Assets/TextMesh Pro/Examples & Extras/Textures/Brushed Metal 3.jpg
  artifactKey: Guid(f88677df267a41d6be1e7a6133e7d227) Importer(815301076,1909f56bfc062723c751e8b465ee728b)
Start importing Assets/TextMesh Pro/Examples & Extras/Textures/Brushed Metal 3.jpg using Guid(f88677df267a41d6be1e7a6133e7d227) Importer(815301076,1909f56bfc062723c751e8b465ee728b)  -> (artifact id: '6a9243e0079819859f290f24bec40416') in 0.028602 seconds 
  Import took 0.039773 seconds .

========================================================================
Received Prepare
Registering precompiled user dll's ...
Registered in 0.006665 seconds.
Begin MonoManager ReloadAssembly
Native extension for WindowsStandalone target not found
Native extension for WebGL target not found
Refreshing native plugins compatible for Editor in 1.89 ms, found 3 plugins.
Preloading 0 native plugins for Editor in 0.00 ms.
Mono: successfully reloaded assembly
- Completed reload, in  2.445 seconds
Domain Reload Profiling:
	ReloadAssembly (2446ms)
		BeginReloadAssembly (264ms)
			ExecutionOrderSort (0ms)
			DisableScriptedObjects (20ms)
			BackupInstance (0ms)
			ReleaseScriptingObjects (0ms)
			CreateAndSetChildDomain (89ms)
		EndReloadAssembly (2032ms)
			LoadAssemblies (268ms)
			RebuildTransferFunctionScriptingTraits (0ms)
			SetupTypeCache (694ms)
			ReleaseScriptCaches (2ms)
			RebuildScriptCaches (100ms)
			SetupLoadedEditorAssemblies (704ms)
				LogAssemblyErrors (0ms)
				InitializePlatformSupportModulesInManaged (17ms)
				SetLoadedEditorAssemblies (1ms)
				RefreshPlugins (2ms)
				BeforeProcessingInitializeOnLoad (135ms)
				ProcessInitializeOnLoadAttributes (516ms)
				ProcessInitializeOnLoadMethodAttributes (16ms)
				AfterProcessingInitializeOnLoad (16ms)
				EditorAssembliesLoaded (0ms)
			ExecutionOrderSort2 (0ms)
			AwakeInstancesAfterBackupRestoration (24ms)
Platform modules already initialized, skipping
Switching build target platform(19) subTarget(0) extendedPlatform(0) -> platform(13) subTarget(589824) extendedPlatform(0)
Refreshing native plugins compatible for Editor in 2.01 ms, found 3 plugins.
Preloading 0 native plugins for Editor in 0.00 ms.
Unloading 2145 Unused Serialized files (Serialized files now loaded: 0)
System memory in use before: 95.2 MB.
System memory in use after: 95.3 MB.

Unloading 14 unused Assets to reduce memory usage. Loaded Objects now: 2615.
Total: 7.552300 ms (FindLiveObjects: 0.611700 ms CreateObjectMapping: 0.173600 ms MarkObjects: 6.701500 ms  DeleteObjects: 0.061500 ms)

AssetImportParameters requested are different than current active one (requested -> active):
  custom:framework-win-MediaFoundation: 216162199b28c13a410421893ffa2e32 -> 
  custom:video-decoder-ogg-theora: a1e56fd34408186e4bbccfd4996cb3dc -> 
  custom:container-muxer-webm: aa71ff27fc2769a1b78a27578f13a17b -> 
  custom:container-demuxer-webm: 4f35f7cbe854078d1ac9338744f61a02 -> 
  custom:container-demuxer-ogg: 62fdf1f143b41e24485cea50d1cbac27 -> 
  custom:video-encoder-webm-vp8: eb34c28f22e8b96e1ab97ce403110664 -> 
  custom:video-codec-MediaFoundation-h265: 746d11721c4dcdbdad8f713fa42b33f4 -> 
  custom:video-decoder-webm-vp8: 9c59270c3fd7afecdb556c50c9e8de78 -> 
  custom:graphics/normal-map-encoding: 01000000000000000000000000000000 -> 02000000000000000000000000000000
  custom:audio-decoder-ogg-vorbis: bf7c407c2cedff20999df2af8eb42d56 -> 
  custom:audio-encoder-webm-vorbis: bf7c407c2cedff20999df2af8eb42d56 -> 
========================================================================
Received Import Request.
  Time since last request: 1106.215621 seconds.
  path: Assets/Sweet Land GUI/Sprites/Scales/Empty_Circle_60px.png
  artifactKey: Guid(063ddf13193775d46bdd2be41c2184e0) Importer(815301076,1909f56bfc062723c751e8b465ee728b)
Start importing Assets/Sweet Land GUI/Sprites/Scales/Empty_Circle_60px.png using Guid(063ddf13193775d46bdd2be41c2184e0) Importer(815301076,1909f56bfc062723c751e8b465ee728b)  -> (artifact id: '2da2401d64c8e540028b44d51d86d851') in 0.216784 seconds 
  Import took 0.226782 seconds .

========================================================================
Received Import Request.
  Time since last request: 0.000641 seconds.
  path: Assets/Sweet Land GUI/Sprites/Scales/Empty_Honeycomb_250px.png
  artifactKey: Guid(71d1389c88c109c4680517a234cff85a) Importer(815301076,1909f56bfc062723c751e8b465ee728b)
Start importing Assets/Sweet Land GUI/Sprites/Scales/Empty_Honeycomb_250px.png using Guid(71d1389c88c109c4680517a234cff85a) Importer(815301076,1909f56bfc062723c751e8b465ee728b)  -> (artifact id: '5682974d9468dd0a8bee1c3d56c7a6f6') in 0.043699 seconds 
  Import took 0.053180 seconds .

========================================================================
Received Import Request.
  Time since last request: 0.000701 seconds.
  path: Assets/Sweet Land GUI/Sprites/Scales/Empty_Trapezoid_250px.png
  artifactKey: Guid(5c301f0dc179bec45a26ef55adc4eb83) Importer(815301076,1909f56bfc062723c751e8b465ee728b)
Start importing Assets/Sweet Land GUI/Sprites/Scales/Empty_Trapezoid_250px.png using Guid(5c301f0dc179bec45a26ef55adc4eb83) Importer(815301076,1909f56bfc062723c751e8b465ee728b)  -> (artifact id: '05bfd080e9f55127f187609034827521') in 0.042821 seconds 
  Import took 0.054030 seconds .

========================================================================
Received Import Request.
  Time since last request: 0.001152 seconds.
  path: Assets/Sweet Land GUI/Sprites/Scales/Scale_Honey_Orange_60px.png
  artifactKey: Guid(1f989291445e0014092ebd4f9115da4c) Importer(815301076,1909f56bfc062723c751e8b465ee728b)
Start importing Assets/Sweet Land GUI/Sprites/Scales/Scale_Honey_Orange_60px.png using Guid(1f989291445e0014092ebd4f9115da4c) Importer(815301076,1909f56bfc062723c751e8b465ee728b)  -> (artifact id: '3ae96dd8dd911e4aa1b3deab04164fb2') in 0.031235 seconds 
  Import took 0.045534 seconds .

========================================================================
Received Import Request.
  Time since last request: 0.001208 seconds.
  path: Assets/Sweet Land GUI/Sprites/Scales/Scale_Honey_Red_60px.png
  artifactKey: Guid(f8cfa5c54d38c36468d42be67df0f06c) Importer(815301076,1909f56bfc062723c751e8b465ee728b)
Start importing Assets/Sweet Land GUI/Sprites/Scales/Scale_Honey_Red_60px.png using Guid(f8cfa5c54d38c36468d42be67df0f06c) Importer(815301076,1909f56bfc062723c751e8b465ee728b)  -> (artifact id: '94126744ef36fe8ffd5918b7a4c2496f') in 0.030492 seconds 
  Import took 0.041334 seconds .

========================================================================
Received Import Request.
  Time since last request: 0.000782 seconds.
  path: Assets/Sweet Land GUI/Sprites/Scales/Scale_Honey_Green_60px.png
  artifactKey: Guid(9ffd4b1f45387c74d8031b8dbc20b2dc) Importer(815301076,1909f56bfc062723c751e8b465ee728b)
Start importing Assets/Sweet Land GUI/Sprites/Scales/Scale_Honey_Green_60px.png using Guid(9ffd4b1f45387c74d8031b8dbc20b2dc) Importer(815301076,1909f56bfc062723c751e8b465ee728b)  -> (artifact id: 'e5dafdff5f657a0022894207af71e00f') in 0.036715 seconds 
  Import took 0.048307 seconds .

========================================================================
Received Import Request.
  Time since last request: 0.000528 seconds.
  path: Assets/Sweet Land GUI/Sprites/Scales
  artifactKey: Guid(7106a5e0e3a50f143bf14637c711cf8c) Importer(815301076,1909f56bfc062723c751e8b465ee728b)
Start importing Assets/Sweet Land GUI/Sprites/Scales using Guid(7106a5e0e3a50f143bf14637c711cf8c) Importer(815301076,1909f56bfc062723c751e8b465ee728b)  -> (artifact id: '4b3f0b481be47d5f0df288e2cb0e9491') in 0.008349 seconds 
  Import took 0.022646 seconds .

========================================================================
Received Import Request.
  Time since last request: 0.000766 seconds.
  path: Assets/Sweet Land GUI/Sprites/Scales/Empty_Honeycomb_60px.png
  artifactKey: Guid(f46e7fccaa0af0d4e99e9d61f79efb23) Importer(815301076,1909f56bfc062723c751e8b465ee728b)
Start importing Assets/Sweet Land GUI/Sprites/Scales/Empty_Honeycomb_60px.png using Guid(f46e7fccaa0af0d4e99e9d61f79efb23) Importer(815301076,1909f56bfc062723c751e8b465ee728b)  -> (artifact id: '857481918eeb8ce2fcde7671b82ae567') in 0.032156 seconds 
  Import took 0.044275 seconds .

========================================================================
Received Import Request.
  Time since last request: 0.000868 seconds.
  path: Assets/Sweet Land GUI/Sprites/Scales/Empty_Circle_250px.png
  artifactKey: Guid(327c74d3cec455843af3e84bfa60a591) Importer(815301076,1909f56bfc062723c751e8b465ee728b)
Start importing Assets/Sweet Land GUI/Sprites/Scales/Empty_Circle_250px.png using Guid(327c74d3cec455843af3e84bfa60a591) Importer(815301076,1909f56bfc062723c751e8b465ee728b)  -> (artifact id: 'b1441237349b345acaf811ef29c84915') in 0.039607 seconds 
  Import took 0.053273 seconds .

========================================================================
Received Import Request.
  Time since last request: 0.000487 seconds.
  path: Assets/Sweet Land GUI/Sprites/Scales/Scale_Honey_Pink_60px.png
  artifactKey: Guid(48a8d071a52f75a4591f787d22559fe2) Importer(815301076,1909f56bfc062723c751e8b465ee728b)
Start importing Assets/Sweet Land GUI/Sprites/Scales/Scale_Honey_Pink_60px.png using Guid(48a8d071a52f75a4591f787d22559fe2) Importer(815301076,1909f56bfc062723c751e8b465ee728b)  -> (artifact id: '40beb66b74d6ec147fc6f000cc277cda') in 0.038434 seconds 
  Import took 0.048583 seconds .

========================================================================
Received Import Request.
  Time since last request: 0.000593 seconds.
  path: Assets/Sweet Land GUI/Sprites/Scales/Empty_Square_60px.png
  artifactKey: Guid(0071a6b0b843e37458733195ad800bd4) Importer(815301076,1909f56bfc062723c751e8b465ee728b)
Start importing Assets/Sweet Land GUI/Sprites/Scales/Empty_Square_60px.png using Guid(0071a6b0b843e37458733195ad800bd4) Importer(815301076,1909f56bfc062723c751e8b465ee728b)  -> (artifact id: '4ea0509665433b91d97969778a41c55e') in 0.030992 seconds 
  Import took 0.041629 seconds .

========================================================================
Received Import Request.
  Time since last request: 0.000605 seconds.
  path: Assets/Sweet Land GUI/Sprites/Scales/Empty_Trapezoid_60px.png
  artifactKey: Guid(43bdf6283aecc1746ba8783969c9b796) Importer(815301076,1909f56bfc062723c751e8b465ee728b)
Start importing Assets/Sweet Land GUI/Sprites/Scales/Empty_Trapezoid_60px.png using Guid(43bdf6283aecc1746ba8783969c9b796) Importer(815301076,1909f56bfc062723c751e8b465ee728b)  -> (artifact id: '278b5cbdcadad2a02c26afda159566f5') in 0.036679 seconds 
  Import took 0.048120 seconds .

========================================================================
Received Import Request.
  Time since last request: 0.000548 seconds.
  path: Assets/Sweet Land GUI/Sprites/Scales/Empty_Square_250px.png
  artifactKey: Guid(436781bf2c3511d48a7de215e1b97f20) Importer(815301076,1909f56bfc062723c751e8b465ee728b)
Start importing Assets/Sweet Land GUI/Sprites/Scales/Empty_Square_250px.png using Guid(436781bf2c3511d48a7de215e1b97f20) Importer(815301076,1909f56bfc062723c751e8b465ee728b)  -> (artifact id: '23f3853b8476650da282094d002afcb8') in 0.038540 seconds 
  Import took 0.048300 seconds .

========================================================================
Received Import Request.
  Time since last request: 0.000575 seconds.
  path: Assets/Sweet Land GUI/Sprites/Scales/Scale_Honey_White_60px.png
  artifactKey: Guid(943ab2c4066436840b63a2a2aa95cb28) Importer(815301076,1909f56bfc062723c751e8b465ee728b)
Start importing Assets/Sweet Land GUI/Sprites/Scales/Scale_Honey_White_60px.png using Guid(943ab2c4066436840b63a2a2aa95cb28) Importer(815301076,1909f56bfc062723c751e8b465ee728b)  -> (artifact id: '3b92418f4f20270d83bde1e3922cfb32') in 0.042688 seconds 
  Import took 0.050950 seconds .

========================================================================
Received Prepare
Registering precompiled user dll's ...
Registered in 0.006928 seconds.
Begin MonoManager ReloadAssembly
Native extension for WindowsStandalone target not found
Native extension for WebGL target not found
Refreshing native plugins compatible for Editor in 1.33 ms, found 3 plugins.
Preloading 0 native plugins for Editor in 0.00 ms.
Mono: successfully reloaded assembly
- Completed reload, in  2.488 seconds
Domain Reload Profiling:
	ReloadAssembly (2490ms)
		BeginReloadAssembly (246ms)
			ExecutionOrderSort (0ms)
			DisableScriptedObjects (17ms)
			BackupInstance (0ms)
			ReleaseScriptingObjects (0ms)
			CreateAndSetChildDomain (87ms)
		EndReloadAssembly (2099ms)
			LoadAssemblies (235ms)
			RebuildTransferFunctionScriptingTraits (0ms)
			SetupTypeCache (642ms)
			ReleaseScriptCaches (2ms)
			RebuildScriptCaches (107ms)
			SetupLoadedEditorAssemblies (697ms)
				LogAssemblyErrors (0ms)
				InitializePlatformSupportModulesInManaged (20ms)
				SetLoadedEditorAssemblies (1ms)
				RefreshPlugins (2ms)
				BeforeProcessingInitializeOnLoad (137ms)
				ProcessInitializeOnLoadAttributes (506ms)
				ProcessInitializeOnLoadMethodAttributes (19ms)
				AfterProcessingInitializeOnLoad (13ms)
				EditorAssembliesLoaded (0ms)
			ExecutionOrderSort2 (0ms)
			AwakeInstancesAfterBackupRestoration (22ms)
Platform modules already initialized, skipping
Switching build target platform(19) subTarget(0) extendedPlatform(0) -> platform(13) subTarget(589824) extendedPlatform(0)
Refreshing native plugins compatible for Editor in 2.66 ms, found 3 plugins.
Preloading 0 native plugins for Editor in 0.00 ms.
Unloading 2145 Unused Serialized files (Serialized files now loaded: 0)
System memory in use before: 98.2 MB.
System memory in use after: 98.3 MB.

Unloading 14 unused Assets to reduce memory usage. Loaded Objects now: 2631.
Total: 7.829700 ms (FindLiveObjects: 0.575000 ms CreateObjectMapping: 0.142700 ms MarkObjects: 7.060200 ms  DeleteObjects: 0.045800 ms)

AssetImportParameters requested are different than current active one (requested -> active):
  custom:framework-win-MediaFoundation: 216162199b28c13a410421893ffa2e32 -> 
  custom:video-decoder-ogg-theora: a1e56fd34408186e4bbccfd4996cb3dc -> 
  custom:container-muxer-webm: aa71ff27fc2769a1b78a27578f13a17b -> 
  custom:container-demuxer-webm: 4f35f7cbe854078d1ac9338744f61a02 -> 
  custom:container-demuxer-ogg: 62fdf1f143b41e24485cea50d1cbac27 -> 
  custom:video-encoder-webm-vp8: eb34c28f22e8b96e1ab97ce403110664 -> 
  custom:video-codec-MediaFoundation-h265: 746d11721c4dcdbdad8f713fa42b33f4 -> 
  custom:video-decoder-webm-vp8: 9c59270c3fd7afecdb556c50c9e8de78 -> 
  custom:graphics/normal-map-encoding: 01000000000000000000000000000000 -> 02000000000000000000000000000000
  custom:audio-decoder-ogg-vorbis: bf7c407c2cedff20999df2af8eb42d56 -> 
  custom:audio-encoder-webm-vorbis: bf7c407c2cedff20999df2af8eb42d56 -> 
========================================================================
Received Prepare
Registering precompiled user dll's ...
Registered in 0.010992 seconds.
Begin MonoManager ReloadAssembly
Native extension for WindowsStandalone target not found
Native extension for WebGL target not found
Refreshing native plugins compatible for Editor in 2.61 ms, found 3 plugins.
Preloading 0 native plugins for Editor in 0.00 ms.
Mono: successfully reloaded assembly
- Completed reload, in  2.354 seconds
Domain Reload Profiling:
	ReloadAssembly (2355ms)
		BeginReloadAssembly (240ms)
			ExecutionOrderSort (0ms)
			DisableScriptedObjects (12ms)
			BackupInstance (0ms)
			ReleaseScriptingObjects (0ms)
			CreateAndSetChildDomain (78ms)
		EndReloadAssembly (1974ms)
			LoadAssemblies (211ms)
			RebuildTransferFunctionScriptingTraits (0ms)
			SetupTypeCache (709ms)
			ReleaseScriptCaches (2ms)
			RebuildScriptCaches (97ms)
			SetupLoadedEditorAssemblies (659ms)
				LogAssemblyErrors (0ms)
				InitializePlatformSupportModulesInManaged (17ms)
				SetLoadedEditorAssemblies (2ms)
				RefreshPlugins (3ms)
				BeforeProcessingInitializeOnLoad (130ms)
				ProcessInitializeOnLoadAttributes (476ms)
				ProcessInitializeOnLoadMethodAttributes (17ms)
				AfterProcessingInitializeOnLoad (13ms)
				EditorAssembliesLoaded (1ms)
			ExecutionOrderSort2 (0ms)
			AwakeInstancesAfterBackupRestoration (30ms)
Platform modules already initialized, skipping
Switching build target platform(19) subTarget(0) extendedPlatform(0) -> platform(13) subTarget(589824) extendedPlatform(0)
Refreshing native plugins compatible for Editor in 1.24 ms, found 3 plugins.
Preloading 0 native plugins for Editor in 0.00 ms.
Unloading 2145 Unused Serialized files (Serialized files now loaded: 0)
System memory in use before: 98.2 MB.
System memory in use after: 98.3 MB.

Unloading 14 unused Assets to reduce memory usage. Loaded Objects now: 2633.
Total: 7.154000 ms (FindLiveObjects: 0.588100 ms CreateObjectMapping: 0.150500 ms MarkObjects: 6.358400 ms  DeleteObjects: 0.053100 ms)

AssetImportParameters requested are different than current active one (requested -> active):
  custom:framework-win-MediaFoundation: 216162199b28c13a410421893ffa2e32 -> 
  custom:video-decoder-ogg-theora: a1e56fd34408186e4bbccfd4996cb3dc -> 
  custom:container-muxer-webm: aa71ff27fc2769a1b78a27578f13a17b -> 
  custom:container-demuxer-webm: 4f35f7cbe854078d1ac9338744f61a02 -> 
  custom:container-demuxer-ogg: 62fdf1f143b41e24485cea50d1cbac27 -> 
  custom:video-encoder-webm-vp8: eb34c28f22e8b96e1ab97ce403110664 -> 
  custom:video-codec-MediaFoundation-h265: 746d11721c4dcdbdad8f713fa42b33f4 -> 
  custom:video-decoder-webm-vp8: 9c59270c3fd7afecdb556c50c9e8de78 -> 
  custom:graphics/normal-map-encoding: 01000000000000000000000000000000 -> 02000000000000000000000000000000
  custom:audio-decoder-ogg-vorbis: bf7c407c2cedff20999df2af8eb42d56 -> 
  custom:audio-encoder-webm-vorbis: bf7c407c2cedff20999df2af8eb42d56 -> 
AssetImportWorkerClient::OnTransportError - code=2 error=End of file
